{"uid":"79eced91b25ba418","name":"tc09_verifySortByPriceLowToHigh","fullName":"tests.RegressionTest.tc09_verifySortByPriceLowToHigh","historyId":"f9fc9122620bb8902edba9835ef53b61","time":{"start":1769569588830,"stop":1769569608975,"duration":20145},"status":"failed","statusMessage":"Element not found {By.xpath: //div[@data-id]//div[contains(@class,'hZ3P6w DeU9vF')].filter(visible).snapshot(24 elements)[2]}\nExpected: exist\nScreenshot: file:/home/runner/work/flipkart-regression/flipkart-regression/build/reports/tests/1769569608677.1.png\nPage source: file:/home/runner/work/flipkart-regression/flipkart-regression/build/reports/tests/1769569608677.1.html\nTimeout: 15 s.\nCaused by: StaleElementReferenceException: stale element reference: stale element not found in the current frame","statusTrace":"Element not found {By.xpath: //div[@data-id]//div[contains(@class,'hZ3P6w DeU9vF')].filter(visible).snapshot(24 elements)[2]}\nExpected: exist\nScreenshot: file:/home/runner/work/flipkart-regression/flipkart-regression/build/reports/tests/1769569608677.1.png\nPage source: file:/home/runner/work/flipkart-regression/flipkart-regression/build/reports/tests/1769569608677.1.html\nTimeout: 15 s.\nCaused by: StaleElementReferenceException: stale element reference: stale element not found in the current frame\n\tat com.codeborne.selenide.impl.WebElementSource.createElementNotFoundError(WebElementSource.java:89)\n\tat com.codeborne.selenide.impl.CollectionElement.createElementNotFoundError(CollectionElement.java:76)\n\tat com.codeborne.selenide.impl.ExceptionWrapper.wrap(ExceptionWrapper.java:32)\n\tat com.codeborne.selenide.impl.SelenideElementProxy.dispatchAndRetry(SelenideElementProxy.java:156)\n\tat com.codeborne.selenide.impl.SelenideElementProxy.invoke(SelenideElementProxy.java:86)\n\tat jdk.proxy2/jdk.proxy2.$Proxy11.getText(Unknown Source)\n\tat pages.ProductListingPage.verifyProductsSortedLowToHigh(ProductListingPage.java:78)\n\tat tests.RegressionTest.tc09_verifySortByPriceLowToHigh(RegressionTest.java:119)\n\tat java.base/jdk.internal.reflect.NativeMethodAccessorImpl.invoke0(Native Method)\n\tat java.base/jdk.internal.reflect.NativeMethodAccessorImpl.invoke(NativeMethodAccessorImpl.java:77)\n\tat java.base/jdk.internal.reflect.DelegatingMethodAccessorImpl.invoke(DelegatingMethodAccessorImpl.java:43)\n\tat java.base/java.lang.reflect.Method.invoke(Method.java:569)\n\tat org.testng.internal.invokers.MethodInvocationHelper.invokeMethod(MethodInvocationHelper.java:141)\n\tat org.testng.internal.invokers.TestInvoker.invokeMethod(TestInvoker.java:686)\n\tat org.testng.internal.invokers.TestInvoker.invokeTestMethod(TestInvoker.java:230)\n\tat org.testng.internal.invokers.MethodRunner.runInSequence(MethodRunner.java:63)\n\tat org.testng.internal.invokers.TestInvoker$MethodInvocationAgent.invoke(TestInvoker.java:992)\n\tat org.testng.internal.invokers.TestInvoker.invokeTestMethods(TestInvoker.java:203)\n\tat org.testng.internal.invokers.TestMethodWorker.invokeTestMethods(TestMethodWorker.java:154)\n\tat org.testng.internal.invokers.TestMethodWorker.run(TestMethodWorker.java:134)\n\tat java.base/java.util.ArrayList.forEach(ArrayList.java:1511)\n\tat org.testng.TestRunner.privateRun(TestRunner.java:739)\n\tat org.testng.TestRunner.run(TestRunner.java:614)\n\tat org.testng.SuiteRunner.runTest(SuiteRunner.java:421)\n\tat org.testng.SuiteRunner.runSequentially(SuiteRunner.java:413)\n\tat org.testng.SuiteRunner.privateRun(SuiteRunner.java:373)\n\tat org.testng.SuiteRunner.run(SuiteRunner.java:312)\n\tat org.testng.SuiteRunnerWorker.runSuite(SuiteRunnerWorker.java:52)\n\tat org.testng.SuiteRunnerWorker.run(SuiteRunnerWorker.java:95)\n\tat org.testng.TestNG.runSuitesSequentially(TestNG.java:1274)\n\tat org.testng.TestNG.runSuitesLocally(TestNG.java:1208)\n\tat org.testng.TestNG.runSuites(TestNG.java:1112)\n\tat org.testng.TestNG.run(TestNG.java:1079)\n\tat org.apache.maven.surefire.testng.TestNGExecutor.run(TestNGExecutor.java:308)\n\tat org.apache.maven.surefire.testng.TestNGXmlTestSuite.execute(TestNGXmlTestSuite.java:71)\n\tat org.apache.maven.surefire.testng.TestNGProvider.invoke(TestNGProvider.java:113)\n\tat org.apache.maven.surefire.booter.ForkedBooter.runSuitesInProcess(ForkedBooter.java:385)\n\tat org.apache.maven.surefire.booter.ForkedBooter.execute(ForkedBooter.java:162)\n\tat org.apache.maven.surefire.booter.ForkedBooter.run(ForkedBooter.java:507)\n\tat org.apache.maven.surefire.booter.ForkedBooter.main(ForkedBooter.java:495)\nCaused by: org.openqa.selenium.StaleElementReferenceException: stale element reference: stale element not found in the current frame\n  (Session info: chrome=144.0.7559.59)\nFor documentation on this error, please visit: https://www.selenium.dev/documentation/webdriver/troubleshooting/errors#stale-element-reference-exception\nBuild info: version: '4.19.1', revision: 'abe0ee07dc'\nSystem info: os.name: 'Linux', os.arch: 'amd64', os.version: '6.11.0-1018-azure', java.version: '17.0.17'\nDriver info: org.openqa.selenium.chrome.ChromeDriver\nCommand: [c5aa09bab59b8f12f7a529e57e83d496, getElementTagName {id=f.586C06C7EEAE5255EAA866EBF59B3241.d.53E756A883AF9BFFAB7510262C2CBB93.e.170}]\nCapabilities {acceptInsecureCerts: true, browserName: chrome, browserVersion: 144.0.7559.59, chrome: {chromedriverVersion: 144.0.7559.31 (18537d992890..., userDataDir: /tmp/org.chromium.Chromium....}, fedcm:accounts: true, goog:chromeOptions: {debuggerAddress: localhost:40565}, goog:processID: 3965, networkConnectionEnabled: false, pageLoadStrategy: eager, platformName: linux, proxy: Proxy(), se:cdp: ws://localhost:40565/devtoo..., se:cdpVersion: 144.0.7559.59, setWindowRect: true, strictFileInteractability: false, timeouts: {implicit: 0, pageLoad: 300000, script: 30000}, unhandledPromptBehavior: accept, webauthn:extension:credBlob: true, webauthn:extension:largeBlob: true, webauthn:extension:minPinLength: true, webauthn:extension:prf: true, webauthn:virtualAuthenticators: true}\nElement: [[ChromeDriver: chrome on linux (c5aa09bab59b8f12f7a529e57e83d496)] -> xpath: //div[@data-id]//div[contains(@class,'hZ3P6w DeU9vF')]]\nSession ID: c5aa09bab59b8f12f7a529e57e83d496\n\tat jdk.internal.reflect.GeneratedConstructorAccessor12.newInstance(Unknown Source)\n\tat java.base/jdk.internal.reflect.DelegatingConstructorAccessorImpl.newInstance(DelegatingConstructorAccessorImpl.java:45)\n\tat java.base/java.lang.reflect.Constructor.newInstanceWithCaller(Constructor.java:500)\n\tat java.base/java.lang.reflect.Constructor.newInstance(Constructor.java:481)\n\tat org.openqa.selenium.remote.ErrorCodec.decode(ErrorCodec.java:167)\n\tat org.openqa.selenium.remote.codec.w3c.W3CHttpResponseCodec.decode(W3CHttpResponseCodec.java:138)\n\tat org.openqa.selenium.remote.codec.w3c.W3CHttpResponseCodec.decode(W3CHttpResponseCodec.java:50)\n\tat org.openqa.selenium.remote.HttpCommandExecutor.execute(HttpCommandExecutor.java:190)\n\tat org.openqa.selenium.remote.service.DriverCommandExecutor.invokeExecute(DriverCommandExecutor.java:216)\n\tat org.openqa.selenium.remote.service.DriverCommandExecutor.execute(DriverCommandExecutor.java:174)\n\tat org.openqa.selenium.remote.RemoteWebDriver.execute(RemoteWebDriver.java:518)\n\tat org.openqa.selenium.remote.RemoteWebElement.execute(RemoteWebElement.java:223)\n\tat org.openqa.selenium.remote.RemoteWebElement.getTagName(RemoteWebElement.java:134)\n\tat com.codeborne.selenide.commands.GetText.execute(GetText.java:30)\n\tat com.codeborne.selenide.commands.GetText.execute(GetText.java:13)\n\tat com.codeborne.selenide.commands.Commands.execute(Commands.java:162)\n\tat com.codeborne.selenide.impl.SelenideElementProxy.dispatchAndRetry(SelenideElementProxy.java:134)\n\t... 36 more\n","flaky":true,"newFailed":true,"newBroken":false,"newPassed":false,"retriesCount":0,"retriesStatusChange":false,"beforeStages":[{"name":"setUp","time":{"start":1769569588828,"stop":1769569588828,"duration":0},"description":"","status":"passed","steps":[],"attachments":[],"parameters":[],"shouldDisplayMessage":false,"attachmentsCount":0,"stepsCount":0,"hasContent":false,"attachmentStep":false}],"testStage":{"status":"failed","statusMessage":"Element not found {By.xpath: //div[@data-id]//div[contains(@class,'hZ3P6w DeU9vF')].filter(visible).snapshot(24 elements)[2]}\nExpected: exist\nScreenshot: file:/home/runner/work/flipkart-regression/flipkart-regression/build/reports/tests/1769569608677.1.png\nPage source: file:/home/runner/work/flipkart-regression/flipkart-regression/build/reports/tests/1769569608677.1.html\nTimeout: 15 s.\nCaused by: StaleElementReferenceException: stale element reference: stale element not found in the current frame","statusTrace":"Element not found {By.xpath: //div[@data-id]//div[contains(@class,'hZ3P6w DeU9vF')].filter(visible).snapshot(24 elements)[2]}\nExpected: exist\nScreenshot: file:/home/runner/work/flipkart-regression/flipkart-regression/build/reports/tests/1769569608677.1.png\nPage source: file:/home/runner/work/flipkart-regression/flipkart-regression/build/reports/tests/1769569608677.1.html\nTimeout: 15 s.\nCaused by: StaleElementReferenceException: stale element reference: stale element not found in the current frame\n\tat com.codeborne.selenide.impl.WebElementSource.createElementNotFoundError(WebElementSource.java:89)\n\tat com.codeborne.selenide.impl.CollectionElement.createElementNotFoundError(CollectionElement.java:76)\n\tat com.codeborne.selenide.impl.ExceptionWrapper.wrap(ExceptionWrapper.java:32)\n\tat com.codeborne.selenide.impl.SelenideElementProxy.dispatchAndRetry(SelenideElementProxy.java:156)\n\tat com.codeborne.selenide.impl.SelenideElementProxy.invoke(SelenideElementProxy.java:86)\n\tat jdk.proxy2/jdk.proxy2.$Proxy11.getText(Unknown Source)\n\tat pages.ProductListingPage.verifyProductsSortedLowToHigh(ProductListingPage.java:78)\n\tat tests.RegressionTest.tc09_verifySortByPriceLowToHigh(RegressionTest.java:119)\n\tat java.base/jdk.internal.reflect.NativeMethodAccessorImpl.invoke0(Native Method)\n\tat java.base/jdk.internal.reflect.NativeMethodAccessorImpl.invoke(NativeMethodAccessorImpl.java:77)\n\tat java.base/jdk.internal.reflect.DelegatingMethodAccessorImpl.invoke(DelegatingMethodAccessorImpl.java:43)\n\tat java.base/java.lang.reflect.Method.invoke(Method.java:569)\n\tat org.testng.internal.invokers.MethodInvocationHelper.invokeMethod(MethodInvocationHelper.java:141)\n\tat org.testng.internal.invokers.TestInvoker.invokeMethod(TestInvoker.java:686)\n\tat org.testng.internal.invokers.TestInvoker.invokeTestMethod(TestInvoker.java:230)\n\tat org.testng.internal.invokers.MethodRunner.runInSequence(MethodRunner.java:63)\n\tat org.testng.internal.invokers.TestInvoker$MethodInvocationAgent.invoke(TestInvoker.java:992)\n\tat org.testng.internal.invokers.TestInvoker.invokeTestMethods(TestInvoker.java:203)\n\tat org.testng.internal.invokers.TestMethodWorker.invokeTestMethods(TestMethodWorker.java:154)\n\tat org.testng.internal.invokers.TestMethodWorker.run(TestMethodWorker.java:134)\n\tat java.base/java.util.ArrayList.forEach(ArrayList.java:1511)\n\tat org.testng.TestRunner.privateRun(TestRunner.java:739)\n\tat org.testng.TestRunner.run(TestRunner.java:614)\n\tat org.testng.SuiteRunner.runTest(SuiteRunner.java:421)\n\tat org.testng.SuiteRunner.runSequentially(SuiteRunner.java:413)\n\tat org.testng.SuiteRunner.privateRun(SuiteRunner.java:373)\n\tat org.testng.SuiteRunner.run(SuiteRunner.java:312)\n\tat org.testng.SuiteRunnerWorker.runSuite(SuiteRunnerWorker.java:52)\n\tat org.testng.SuiteRunnerWorker.run(SuiteRunnerWorker.java:95)\n\tat org.testng.TestNG.runSuitesSequentially(TestNG.java:1274)\n\tat org.testng.TestNG.runSuitesLocally(TestNG.java:1208)\n\tat org.testng.TestNG.runSuites(TestNG.java:1112)\n\tat org.testng.TestNG.run(TestNG.java:1079)\n\tat org.apache.maven.surefire.testng.TestNGExecutor.run(TestNGExecutor.java:308)\n\tat org.apache.maven.surefire.testng.TestNGXmlTestSuite.execute(TestNGXmlTestSuite.java:71)\n\tat org.apache.maven.surefire.testng.TestNGProvider.invoke(TestNGProvider.java:113)\n\tat org.apache.maven.surefire.booter.ForkedBooter.runSuitesInProcess(ForkedBooter.java:385)\n\tat org.apache.maven.surefire.booter.ForkedBooter.execute(ForkedBooter.java:162)\n\tat org.apache.maven.surefire.booter.ForkedBooter.run(ForkedBooter.java:507)\n\tat org.apache.maven.surefire.booter.ForkedBooter.main(ForkedBooter.java:495)\nCaused by: org.openqa.selenium.StaleElementReferenceException: stale element reference: stale element not found in the current frame\n  (Session info: chrome=144.0.7559.59)\nFor documentation on this error, please visit: https://www.selenium.dev/documentation/webdriver/troubleshooting/errors#stale-element-reference-exception\nBuild info: version: '4.19.1', revision: 'abe0ee07dc'\nSystem info: os.name: 'Linux', os.arch: 'amd64', os.version: '6.11.0-1018-azure', java.version: '17.0.17'\nDriver info: org.openqa.selenium.chrome.ChromeDriver\nCommand: [c5aa09bab59b8f12f7a529e57e83d496, getElementTagName {id=f.586C06C7EEAE5255EAA866EBF59B3241.d.53E756A883AF9BFFAB7510262C2CBB93.e.170}]\nCapabilities {acceptInsecureCerts: true, browserName: chrome, browserVersion: 144.0.7559.59, chrome: {chromedriverVersion: 144.0.7559.31 (18537d992890..., userDataDir: /tmp/org.chromium.Chromium....}, fedcm:accounts: true, goog:chromeOptions: {debuggerAddress: localhost:40565}, goog:processID: 3965, networkConnectionEnabled: false, pageLoadStrategy: eager, platformName: linux, proxy: Proxy(), se:cdp: ws://localhost:40565/devtoo..., se:cdpVersion: 144.0.7559.59, setWindowRect: true, strictFileInteractability: false, timeouts: {implicit: 0, pageLoad: 300000, script: 30000}, unhandledPromptBehavior: accept, webauthn:extension:credBlob: true, webauthn:extension:largeBlob: true, webauthn:extension:minPinLength: true, webauthn:extension:prf: true, webauthn:virtualAuthenticators: true}\nElement: [[ChromeDriver: chrome on linux (c5aa09bab59b8f12f7a529e57e83d496)] -> xpath: //div[@data-id]//div[contains(@class,'hZ3P6w DeU9vF')]]\nSession ID: c5aa09bab59b8f12f7a529e57e83d496\n\tat jdk.internal.reflect.GeneratedConstructorAccessor12.newInstance(Unknown Source)\n\tat java.base/jdk.internal.reflect.DelegatingConstructorAccessorImpl.newInstance(DelegatingConstructorAccessorImpl.java:45)\n\tat java.base/java.lang.reflect.Constructor.newInstanceWithCaller(Constructor.java:500)\n\tat java.base/java.lang.reflect.Constructor.newInstance(Constructor.java:481)\n\tat org.openqa.selenium.remote.ErrorCodec.decode(ErrorCodec.java:167)\n\tat org.openqa.selenium.remote.codec.w3c.W3CHttpResponseCodec.decode(W3CHttpResponseCodec.java:138)\n\tat org.openqa.selenium.remote.codec.w3c.W3CHttpResponseCodec.decode(W3CHttpResponseCodec.java:50)\n\tat org.openqa.selenium.remote.HttpCommandExecutor.execute(HttpCommandExecutor.java:190)\n\tat org.openqa.selenium.remote.service.DriverCommandExecutor.invokeExecute(DriverCommandExecutor.java:216)\n\tat org.openqa.selenium.remote.service.DriverCommandExecutor.execute(DriverCommandExecutor.java:174)\n\tat org.openqa.selenium.remote.RemoteWebDriver.execute(RemoteWebDriver.java:518)\n\tat org.openqa.selenium.remote.RemoteWebElement.execute(RemoteWebElement.java:223)\n\tat org.openqa.selenium.remote.RemoteWebElement.getTagName(RemoteWebElement.java:134)\n\tat com.codeborne.selenide.commands.GetText.execute(GetText.java:30)\n\tat com.codeborne.selenide.commands.GetText.execute(GetText.java:13)\n\tat com.codeborne.selenide.commands.Commands.execute(Commands.java:162)\n\tat com.codeborne.selenide.impl.SelenideElementProxy.dispatchAndRetry(SelenideElementProxy.java:134)\n\t... 36 more\n","steps":[{"name":"$(\"open\") https://www.flipkart.com/search?q=laptop","time":{"start":1769569588830,"stop":1769569590993,"duration":2163},"status":"passed","steps":[{"name":"$(\"webdriver\") create()","time":{"start":1769569588830,"stop":1769569589103,"duration":273},"status":"passed","steps":[],"attachments":[],"parameters":[],"shouldDisplayMessage":false,"attachmentsCount":0,"stepsCount":0,"hasContent":false,"attachmentStep":false}],"attachments":[],"parameters":[],"shouldDisplayMessage":false,"attachmentsCount":0,"stepsCount":1,"hasContent":true,"attachmentStep":false},{"name":"$(\"By.xpath: //div[text()='Price -- Low to High']\") should be(visible)","time":{"start":1769569590993,"stop":1769569591211,"duration":218},"status":"passed","steps":[],"attachments":[],"parameters":[],"shouldDisplayMessage":false,"attachmentsCount":0,"stepsCount":0,"hasContent":false,"attachmentStep":false},{"name":"$(\"By.xpath: //div[text()='Price -- Low to High']\") click()","time":{"start":1769569591211,"stop":1769569591291,"duration":80},"status":"passed","steps":[],"attachments":[],"parameters":[],"shouldDisplayMessage":false,"attachmentsCount":0,"stepsCount":0,"hasContent":false,"attachmentStep":false},{"name":"$(\"By.xpath: //div[@data-id]//div[contains(@class,'hZ3P6w DeU9vF')].filter(visible)\") should have(size > 0)","time":{"start":1769569593291,"stop":1769569593456,"duration":165},"status":"passed","steps":[],"attachments":[],"parameters":[],"shouldDisplayMessage":false,"attachmentsCount":0,"stepsCount":0,"hasContent":false,"attachmentStep":false},{"name":"$(\"By.xpath: //div[@data-id]//div[contains(@class,'hZ3P6w DeU9vF')]\") should have(size > 0)","time":{"start":1769569593456,"stop":1769569593465,"duration":9},"status":"passed","steps":[],"attachments":[],"parameters":[],"shouldDisplayMessage":false,"attachmentsCount":0,"stepsCount":0,"hasContent":false,"attachmentStep":false},{"name":"$(\"By.xpath: //div[@data-id]//div[contains(@class,'hZ3P6w DeU9vF')].filter(visible).snapshot(24 elements)[0]\") get text()","time":{"start":1769569593588,"stop":1769569593605,"duration":17},"status":"passed","steps":[],"attachments":[],"parameters":[],"shouldDisplayMessage":false,"attachmentsCount":0,"stepsCount":0,"hasContent":false,"attachmentStep":false},{"name":"$(\"By.xpath: //div[@data-id]//div[contains(@class,'hZ3P6w DeU9vF')].filter(visible).snapshot(24 elements)[1]\") get text()","time":{"start":1769569593605,"stop":1769569593615,"duration":10},"status":"passed","steps":[],"attachments":[],"parameters":[],"shouldDisplayMessage":false,"attachmentsCount":0,"stepsCount":0,"hasContent":false,"attachmentStep":false},{"name":"$(\"By.xpath: //div[@data-id]//div[contains(@class,'hZ3P6w DeU9vF')].filter(visible).snapshot(24 elements)[2]\") get text()","time":{"start":1769569593616,"stop":1769569608974,"duration":15358},"status":"failed","statusMessage":"Element not found {By.xpath: //div[@data-id]//div[contains(@class,'hZ3P6w DeU9vF')].filter(visible).snapshot(24 elements)[2]}\nExpected: exist\nScreenshot: file:/home/runner/work/flipkart-regression/flipkart-regression/build/reports/tests/1769569608677.1.png\nPage source: file:/home/runner/work/flipkart-regression/flipkart-regression/build/reports/tests/1769569608677.1.html\nTimeout: 15 s.\nCaused by: StaleElementReferenceException: stale element reference: stale element not found in the current frame","statusTrace":"Element not found {By.xpath: //div[@data-id]//div[contains(@class,'hZ3P6w DeU9vF')].filter(visible).snapshot(24 elements)[2]}\nExpected: exist\nScreenshot: file:/home/runner/work/flipkart-regression/flipkart-regression/build/reports/tests/1769569608677.1.png\nPage source: file:/home/runner/work/flipkart-regression/flipkart-regression/build/reports/tests/1769569608677.1.html\nTimeout: 15 s.\nCaused by: StaleElementReferenceException: stale element reference: stale element not found in the current frame\n\tat com.codeborne.selenide.impl.WebElementSource.createElementNotFoundError(WebElementSource.java:89)\n\tat com.codeborne.selenide.impl.CollectionElement.createElementNotFoundError(CollectionElement.java:76)\n\tat com.codeborne.selenide.impl.ExceptionWrapper.wrap(ExceptionWrapper.java:32)\n\tat com.codeborne.selenide.impl.SelenideElementProxy.dispatchAndRetry(SelenideElementProxy.java:156)\n\tat com.codeborne.selenide.impl.SelenideElementProxy.invoke(SelenideElementProxy.java:86)\n\tat jdk.proxy2/jdk.proxy2.$Proxy11.getText(Unknown Source)\n\tat pages.ProductListingPage.verifyProductsSortedLowToHigh(ProductListingPage.java:78)\n\tat tests.RegressionTest.tc09_verifySortByPriceLowToHigh(RegressionTest.java:119)\n\tat java.base/jdk.internal.reflect.NativeMethodAccessorImpl.invoke0(Native Method)\n\tat java.base/jdk.internal.reflect.NativeMethodAccessorImpl.invoke(NativeMethodAccessorImpl.java:77)\n\tat java.base/jdk.internal.reflect.DelegatingMethodAccessorImpl.invoke(DelegatingMethodAccessorImpl.java:43)\n\tat java.base/java.lang.reflect.Method.invoke(Method.java:569)\n\tat org.testng.internal.invokers.MethodInvocationHelper.invokeMethod(MethodInvocationHelper.java:141)\n\tat org.testng.internal.invokers.TestInvoker.invokeMethod(TestInvoker.java:686)\n\tat org.testng.internal.invokers.TestInvoker.invokeTestMethod(TestInvoker.java:230)\n\tat org.testng.internal.invokers.MethodRunner.runInSequence(MethodRunner.java:63)\n\tat org.testng.internal.invokers.TestInvoker$MethodInvocationAgent.invoke(TestInvoker.java:992)\n\tat org.testng.internal.invokers.TestInvoker.invokeTestMethods(TestInvoker.java:203)\n\tat org.testng.internal.invokers.TestMethodWorker.invokeTestMethods(TestMethodWorker.java:154)\n\tat org.testng.internal.invokers.TestMethodWorker.run(TestMethodWorker.java:134)\n\tat java.base/java.util.ArrayList.forEach(ArrayList.java:1511)\n\tat org.testng.TestRunner.privateRun(TestRunner.java:739)\n\tat org.testng.TestRunner.run(TestRunner.java:614)\n\tat org.testng.SuiteRunner.runTest(SuiteRunner.java:421)\n\tat org.testng.SuiteRunner.runSequentially(SuiteRunner.java:413)\n\tat org.testng.SuiteRunner.privateRun(SuiteRunner.java:373)\n\tat org.testng.SuiteRunner.run(SuiteRunner.java:312)\n\tat org.testng.SuiteRunnerWorker.runSuite(SuiteRunnerWorker.java:52)\n\tat org.testng.SuiteRunnerWorker.run(SuiteRunnerWorker.java:95)\n\tat org.testng.TestNG.runSuitesSequentially(TestNG.java:1274)\n\tat org.testng.TestNG.runSuitesLocally(TestNG.java:1208)\n\tat org.testng.TestNG.runSuites(TestNG.java:1112)\n\tat org.testng.TestNG.run(TestNG.java:1079)\n\tat org.apache.maven.surefire.testng.TestNGExecutor.run(TestNGExecutor.java:308)\n\tat org.apache.maven.surefire.testng.TestNGXmlTestSuite.execute(TestNGXmlTestSuite.java:71)\n\tat org.apache.maven.surefire.testng.TestNGProvider.invoke(TestNGProvider.java:113)\n\tat org.apache.maven.surefire.booter.ForkedBooter.runSuitesInProcess(ForkedBooter.java:385)\n\tat org.apache.maven.surefire.booter.ForkedBooter.execute(ForkedBooter.java:162)\n\tat org.apache.maven.surefire.booter.ForkedBooter.run(ForkedBooter.java:507)\n\tat org.apache.maven.surefire.booter.ForkedBooter.main(ForkedBooter.java:495)\nCaused by: org.openqa.selenium.StaleElementReferenceException: stale element reference: stale element not found in the current frame\n  (Session info: chrome=144.0.7559.59)\nFor documentation on this error, please visit: https://www.selenium.dev/documentation/webdriver/troubleshooting/errors#stale-element-reference-exception\nBuild info: version: '4.19.1', revision: 'abe0ee07dc'\nSystem info: os.name: 'Linux', os.arch: 'amd64', os.version: '6.11.0-1018-azure', java.version: '17.0.17'\nDriver info: org.openqa.selenium.chrome.ChromeDriver\nCommand: [c5aa09bab59b8f12f7a529e57e83d496, getElementTagName {id=f.586C06C7EEAE5255EAA866EBF59B3241.d.53E756A883AF9BFFAB7510262C2CBB93.e.170}]\nCapabilities {acceptInsecureCerts: true, browserName: chrome, browserVersion: 144.0.7559.59, chrome: {chromedriverVersion: 144.0.7559.31 (18537d992890..., userDataDir: /tmp/org.chromium.Chromium....}, fedcm:accounts: true, goog:chromeOptions: {debuggerAddress: localhost:40565}, goog:processID: 3965, networkConnectionEnabled: false, pageLoadStrategy: eager, platformName: linux, proxy: Proxy(), se:cdp: ws://localhost:40565/devtoo..., se:cdpVersion: 144.0.7559.59, setWindowRect: true, strictFileInteractability: false, timeouts: {implicit: 0, pageLoad: 300000, script: 30000}, unhandledPromptBehavior: accept, webauthn:extension:credBlob: true, webauthn:extension:largeBlob: true, webauthn:extension:minPinLength: true, webauthn:extension:prf: true, webauthn:virtualAuthenticators: true}\nElement: [[ChromeDriver: chrome on linux (c5aa09bab59b8f12f7a529e57e83d496)] -> xpath: //div[@data-id]//div[contains(@class,'hZ3P6w DeU9vF')]]\nSession ID: c5aa09bab59b8f12f7a529e57e83d496\n\tat jdk.internal.reflect.GeneratedConstructorAccessor12.newInstance(Unknown Source)\n\tat java.base/jdk.internal.reflect.DelegatingConstructorAccessorImpl.newInstance(DelegatingConstructorAccessorImpl.java:45)\n\tat java.base/java.lang.reflect.Constructor.newInstanceWithCaller(Constructor.java:500)\n\tat java.base/java.lang.reflect.Constructor.newInstance(Constructor.java:481)\n\tat org.openqa.selenium.remote.ErrorCodec.decode(ErrorCodec.java:167)\n\tat org.openqa.selenium.remote.codec.w3c.W3CHttpResponseCodec.decode(W3CHttpResponseCodec.java:138)\n\tat org.openqa.selenium.remote.codec.w3c.W3CHttpResponseCodec.decode(W3CHttpResponseCodec.java:50)\n\tat org.openqa.selenium.remote.HttpCommandExecutor.execute(HttpCommandExecutor.java:190)\n\tat org.openqa.selenium.remote.service.DriverCommandExecutor.invokeExecute(DriverCommandExecutor.java:216)\n\tat org.openqa.selenium.remote.service.DriverCommandExecutor.execute(DriverCommandExecutor.java:174)\n\tat org.openqa.selenium.remote.RemoteWebDriver.execute(RemoteWebDriver.java:518)\n\tat org.openqa.selenium.remote.RemoteWebElement.execute(RemoteWebElement.java:223)\n\tat org.openqa.selenium.remote.RemoteWebElement.getTagName(RemoteWebElement.java:134)\n\tat com.codeborne.selenide.commands.GetText.execute(GetText.java:30)\n\tat com.codeborne.selenide.commands.GetText.execute(GetText.java:13)\n\tat com.codeborne.selenide.commands.Commands.execute(Commands.java:162)\n\tat com.codeborne.selenide.impl.SelenideElementProxy.dispatchAndRetry(SelenideElementProxy.java:134)\n\t... 36 more\n","steps":[],"attachments":[{"uid":"e96ef9e63df3866a","name":"Screenshot","source":"e96ef9e63df3866a.png","type":"image/png","size":312478},{"uid":"2997a15a88140496","name":"Page source","source":"2997a15a88140496.html","type":"text/html","size":207053}],"parameters":[],"shouldDisplayMessage":true,"attachmentsCount":2,"stepsCount":0,"hasContent":true,"attachmentStep":false}],"attachments":[],"parameters":[],"shouldDisplayMessage":false,"attachmentsCount":2,"stepsCount":9,"hasContent":true,"attachmentStep":false},"afterStages":[{"name":"tearDown","time":{"start":1769569608978,"stop":1769569609063,"duration":85},"description":"","status":"passed","steps":[{"name":"$(\"webdriver\") close()","time":{"start":1769569608978,"stop":1769569609062,"duration":84},"status":"passed","steps":[],"attachments":[],"parameters":[],"shouldDisplayMessage":false,"attachmentsCount":0,"stepsCount":0,"hasContent":false,"attachmentStep":false}],"attachments":[],"parameters":[],"shouldDisplayMessage":false,"attachmentsCount":0,"stepsCount":1,"hasContent":true,"attachmentStep":false}],"labels":[{"name":"package","value":"tests.RegressionTest"},{"name":"testClass","value":"tests.RegressionTest"},{"name":"testMethod","value":"tc09_verifySortByPriceLowToHigh"},{"name":"parentSuite","value":"Flipkart Regression Suite"},{"name":"suite","value":"Regression Tests"},{"name":"subSuite","value":"tests.RegressionTest"},{"name":"host","value":"runnervmymu0l"},{"name":"thread","value":"2492@runnervmymu0l.main(1)"},{"name":"framework","value":"testng"},{"name":"language","value":"java"},{"name":"resultFormat","value":"allure2"}],"parameters":[],"links":[],"hidden":false,"retry":false,"extra":{"severity":"normal","retries":[],"categories":[{"name":"Product defects","matchedStatuses":[],"flaky":false}],"history":{"statistic":{"failed":4,"broken":6,"skipped":0,"passed":28,"unknown":0,"total":38},"items":[{"uid":"d974c979cf0a40e6","reportUrl":"https://Dhiman07-create.github.io/flipkart-regression/PROD/testng/72//#testresult/d974c979cf0a40e6","status":"passed","time":{"start":1769483301372,"stop":1769483306597,"duration":5225}},{"uid":"eb8320561f6f4280","reportUrl":"https://Dhiman07-create.github.io/flipkart-regression/PROD/testng/71//#testresult/eb8320561f6f4280","status":"passed","time":{"start":1769397475396,"stop":1769397481067,"duration":5671}},{"uid":"c039055a04e126e6","reportUrl":"https://Dhiman07-create.github.io/flipkart-regression/PROD/testng/70//#testresult/c039055a04e126e6","status":"failed","statusDetails":"Element not found {By.xpath: //div[@data-id]//div[contains(@class,'hZ3P6w DeU9vF')].filter(visible).snapshot(24 elements)[6]}\nExpected: exist\nScreenshot: file:/home/runner/work/flipkart-regression/flipkart-regression/build/reports/tests/1769310924970.4.png\nPage source: file:/home/runner/work/flipkart-regression/flipkart-regression/build/reports/tests/1769310924970.4.html\nTimeout: 15 s.\nCaused by: StaleElementReferenceException: stale element reference: stale element not found in the current frame","time":{"start":1769310904461,"stop":1769310925261,"duration":20800}},{"uid":"99718382de4520b1","reportUrl":"https://Dhiman07-create.github.io/flipkart-regression/PROD/testng/65//#testresult/99718382de4520b1","status":"passed","time":{"start":1769270551033,"stop":1769270556779,"duration":5746}},{"uid":"f4a74384d2d3cb0","reportUrl":"https://Dhiman07-create.github.io/flipkart-regression/PROD/testng/69//#testresult/f4a74384d2d3cb0","status":"passed","time":{"start":1769223524641,"stop":1769223529808,"duration":5167}},{"uid":"a16dff800af1dcf4","reportUrl":"https://Dhiman07-create.github.io/flipkart-regression/PROD/testng/68//#testresult/a16dff800af1dcf4","status":"passed","time":{"start":1769137410412,"stop":1769137416071,"duration":5659}},{"uid":"a0ea3160b05117fc","reportUrl":"https://Dhiman07-create.github.io/flipkart-regression/PROD/testng/67//#testresult/a0ea3160b05117fc","status":"broken","statusDetails":"stale element reference: stale element not found in the current frame\n  (Session info: chrome=143.0.7499.192)\nFor documentation on this error, please visit: https://www.selenium.dev/documentation/webdriver/troubleshooting/errors#stale-element-reference-exception\nBuild info: version: '4.19.1', revision: 'abe0ee07dc'\nSystem info: os.name: 'Linux', os.arch: 'amd64', os.version: '6.11.0-1018-azure', java.version: '17.0.17'\nDriver info: org.openqa.selenium.chrome.ChromeDriver\nCommand: [e1198a463871a3d851845ec743692b42, isElementDisplayed {id=f.75E31E1C811BFC39B80FC38F48DA42CD.d.AD4DBA00C86762B0491F6D194EF939B6.e.176}]\nCapabilities {acceptInsecureCerts: true, browserName: chrome, browserVersion: 143.0.7499.192, chrome: {chromedriverVersion: 143.0.7499.192 (be2c1f4fd45..., userDataDir: /tmp/.org.chromium.Chromium...}, fedcm:accounts: true, goog:chromeOptions: {debuggerAddress: localhost:42899}, goog:processID: 4202, networkConnectionEnabled: false, pageLoadStrategy: eager, platformName: linux, proxy: Proxy(), se:cdp: ws://localhost:42899/devtoo..., se:cdpVersion: 143.0.7499.192, setWindowRect: true, strictFileInteractability: false, timeouts: {implicit: 0, pageLoad: 300000, script: 30000}, unhandledPromptBehavior: accept, webauthn:extension:credBlob: true, webauthn:extension:largeBlob: true, webauthn:extension:minPinLength: true, webauthn:extension:prf: true, webauthn:virtualAuthenticators: true}\nElement: [[ChromeDriver: chrome on linux (e1198a463871a3d851845ec743692b42)] -> xpath: //div[@data-id]//div[contains(@class,'hZ3P6w DeU9vF')]]\nSession ID: e1198a463871a3d851845ec743692b42","time":{"start":1769051340042,"stop":1769051345249,"duration":5207}},{"uid":"995d1258a0961f71","reportUrl":"https://Dhiman07-create.github.io/flipkart-regression/PROD/testng/66//#testresult/995d1258a0961f71","status":"failed","statusDetails":"Element not found {By.xpath: //div[@data-id]//div[contains(@class,'hZ3P6w DeU9vF')].filter(visible).snapshot(24 elements)[7]}\nExpected: exist\nScreenshot: file:/home/runner/work/flipkart-regression/flipkart-regression/build/reports/tests/1768964647281.4.png\nPage source: file:/home/runner/work/flipkart-regression/flipkart-regression/build/reports/tests/1768964647281.4.html\nTimeout: 15 s.\nCaused by: StaleElementReferenceException: stale element reference: stale element not found in the current frame","time":{"start":1768964627150,"stop":1768964647578,"duration":20428}},{"uid":"6553cd7c1e9ad1e0","reportUrl":"https://Dhiman07-create.github.io/flipkart-regression/PROD/testng/65//#testresult/6553cd7c1e9ad1e0","status":"passed","time":{"start":1768878310875,"stop":1768878316556,"duration":5681}},{"uid":"a0e6a4c68aa8b766","reportUrl":"https://Dhiman07-create.github.io/flipkart-regression/PROD/testng/64//#testresult/a0e6a4c68aa8b766","status":"passed","time":{"start":1768792231423,"stop":1768792236842,"duration":5419}},{"uid":"5618e73388bc9cd","reportUrl":"https://Dhiman07-create.github.io/flipkart-regression/PROD/testng/63//#testresult/5618e73388bc9cd","status":"failed","statusDetails":"Products are NOT sorted Low â†’ High\nActual: [40990, 62990, 39990, 45990, 32630, 50990, 23590, 11990, 58990, 12990, 43990, 49990, 22590, 57990, 39990, 69990, 54990, 66990, 32990, 49990, 49990, 66990, 39990, 26990]\nExpected: [11990, 12990, 22590, 23590, 26990, 32630, 32990, 39990, 39990, 39990, 40990, 43990, 45990, 49990, 49990, 49990, 50990, 54990, 57990, 58990, 62990, 66990, 66990, 69990]","time":{"start":1768705792696,"stop":1768705797379,"duration":4683}},{"uid":"56f6f64d4f483fc6","reportUrl":"https://Dhiman07-create.github.io/flipkart-regression/PROD/testng/62//#testresult/56f6f64d4f483fc6","status":"passed","time":{"start":1768618511230,"stop":1768618516466,"duration":5236}},{"uid":"c8bf6de83e7af01a","reportUrl":"https://Dhiman07-create.github.io/flipkart-regression/PROD/testng/61//#testresult/c8bf6de83e7af01a","status":"broken","statusDetails":"stale element reference: stale element not found in the current frame\n  (Session info: chrome=143.0.7499.192)\nFor documentation on this error, please visit: https://www.selenium.dev/documentation/webdriver/troubleshooting/errors#stale-element-reference-exception\nBuild info: version: '4.19.1', revision: 'abe0ee07dc'\nSystem info: os.name: 'Linux', os.arch: 'amd64', os.version: '6.11.0-1018-azure', java.version: '17.0.17'\nDriver info: org.openqa.selenium.chrome.ChromeDriver\nCommand: [8da99454cc9eae40755cedf18b2a1735, isElementDisplayed {id=f.EE122BE359317C9CDABC5E5F60167E20.d.D03EC67B3AFCA4AC66EA6BF0BE26CA8D.e.177}]\nCapabilities {acceptInsecureCerts: true, browserName: chrome, browserVersion: 143.0.7499.192, chrome: {chromedriverVersion: 143.0.7499.192 (be2c1f4fd45..., userDataDir: /tmp/.org.chromium.Chromium...}, fedcm:accounts: true, goog:chromeOptions: {debuggerAddress: localhost:33657}, goog:processID: 3848, networkConnectionEnabled: false, pageLoadStrategy: eager, platformName: linux, proxy: Proxy(), se:cdp: ws://localhost:33657/devtoo..., se:cdpVersion: 143.0.7499.192, setWindowRect: true, strictFileInteractability: false, timeouts: {implicit: 0, pageLoad: 300000, script: 30000}, unhandledPromptBehavior: accept, webauthn:extension:credBlob: true, webauthn:extension:largeBlob: true, webauthn:extension:minPinLength: true, webauthn:extension:prf: true, webauthn:virtualAuthenticators: true}\nElement: [[ChromeDriver: chrome on linux (8da99454cc9eae40755cedf18b2a1735)] -> xpath: //div[@data-id]//div[contains(@class,'hZ3P6w DeU9vF')]]\nSession ID: 8da99454cc9eae40755cedf18b2a1735","time":{"start":1768532504755,"stop":1768532509524,"duration":4769}},{"uid":"c7cbdd2167c6e5b2","reportUrl":"https://Dhiman07-create.github.io/flipkart-regression/PROD/testng/60//#testresult/c7cbdd2167c6e5b2","status":"passed","time":{"start":1768446108637,"stop":1768446113627,"duration":4990}},{"uid":"132a74a0017516bb","reportUrl":"https://Dhiman07-create.github.io/flipkart-regression/PROD/testng/59//#testresult/132a74a0017516bb","status":"broken","statusDetails":"stale element reference: stale element not found in the current frame\n  (Session info: chrome=143.0.7499.169)\nFor documentation on this error, please visit: https://www.selenium.dev/documentation/webdriver/troubleshooting/errors#stale-element-reference-exception\nBuild info: version: '4.19.1', revision: 'abe0ee07dc'\nSystem info: os.name: 'Linux', os.arch: 'amd64', os.version: '6.11.0-1018-azure', java.version: '17.0.17'\nDriver info: org.openqa.selenium.chrome.ChromeDriver\nCommand: [373b19b80d074f41d5521a34105627d2, isElementDisplayed {id=f.3A4DC13CC9D2C7AE10CA94AC35D55FB9.d.7F143FDAA7AC27BDA55E160BD9519978.e.169}]\nCapabilities {acceptInsecureCerts: true, browserName: chrome, browserVersion: 143.0.7499.169, chrome: {chromedriverVersion: 143.0.7499.169 (164b20aab62..., userDataDir: /tmp/.org.chromium.Chromium...}, fedcm:accounts: true, goog:chromeOptions: {debuggerAddress: localhost:39633}, goog:processID: 3893, networkConnectionEnabled: false, pageLoadStrategy: eager, platformName: linux, proxy: Proxy(), se:cdp: ws://localhost:39633/devtoo..., se:cdpVersion: 143.0.7499.169, setWindowRect: true, strictFileInteractability: false, timeouts: {implicit: 0, pageLoad: 300000, script: 30000}, unhandledPromptBehavior: accept, webauthn:extension:credBlob: true, webauthn:extension:largeBlob: true, webauthn:extension:minPinLength: true, webauthn:extension:prf: true, webauthn:virtualAuthenticators: true}\nElement: [[ChromeDriver: chrome on linux (373b19b80d074f41d5521a34105627d2)] -> xpath: //div[@data-id]//div[contains(@class,'hZ3P6w DeU9vF')]]\nSession ID: 373b19b80d074f41d5521a34105627d2","time":{"start":1768360019860,"stop":1768360024437,"duration":4577}},{"uid":"5caec951261af959","reportUrl":"https://Dhiman07-create.github.io/flipkart-regression/PROD/testng/58//#testresult/5caec951261af959","status":"passed","time":{"start":1768273154319,"stop":1768273159794,"duration":5475}},{"uid":"cabbfde46774c704","reportUrl":"https://Dhiman07-create.github.io/flipkart-regression/PROD/testng/57//#testresult/cabbfde46774c704","status":"passed","time":{"start":1768187345534,"stop":1768187350606,"duration":5072}},{"uid":"7c3cc82cc034243e","reportUrl":"https://Dhiman07-create.github.io/flipkart-regression/PROD/testng/56//#testresult/7c3cc82cc034243e","status":"passed","time":{"start":1768101028427,"stop":1768101033583,"duration":5156}},{"uid":"7dfed6e18f28dbb5","reportUrl":"https://Dhiman07-create.github.io/flipkart-regression/PROD/testng/55//#testresult/7dfed6e18f28dbb5","status":"passed","time":{"start":1768013679967,"stop":1768013685629,"duration":5662}},{"uid":"f6e49a65b6c7e2bb","reportUrl":"https://Dhiman07-create.github.io/flipkart-regression/PROD/testng/54//#testresult/f6e49a65b6c7e2bb","status":"passed","time":{"start":1767927677731,"stop":1767927683099,"duration":5368}}]},"tags":[]},"source":"79eced91b25ba418.json","parameterValues":[]}