{"uid":"a1ec9b42a548c237","name":"tc07_verifySearchFilters","fullName":"tests.RegressionTest.tc07_verifySearchFilters","historyId":"ffad1c159fd21ace2a9b750d2584ff0a","time":{"start":1766410897880,"stop":1766410908656,"duration":10776},"status":"failed","statusMessage":"Element not found {By.xpath: //div[text()='HP']/preceding-sibling::div}\nExpected: visible\nScreenshot: file:/home/runner/work/flipkart-regression/flipkart-regression/build/reports/tests/1766410908154.0.png\nPage source: file:/home/runner/work/flipkart-regression/flipkart-regression/build/reports/tests/1766410908154.0.html\nTimeout: 5 s.\nCaused by: NoSuchElementException: no such element: Unable to locate element: {\"method\":\"xpath\",\"selector\":\"//div[text()='HP']/preceding-sibling::div\"}","statusTrace":"Element not found {By.xpath: //div[text()='HP']/preceding-sibling::div}\nExpected: visible\nScreenshot: file:/home/runner/work/flipkart-regression/flipkart-regression/build/reports/tests/1766410908154.0.png\nPage source: file:/home/runner/work/flipkart-regression/flipkart-regression/build/reports/tests/1766410908154.0.html\nTimeout: 5 s.\nCaused by: NoSuchElementException: no such element: Unable to locate element: {\"method\":\"xpath\",\"selector\":\"//div[text()='HP']/preceding-sibling::div\"}\n\tat com.codeborne.selenide.impl.WebElementSource.createElementNotFoundError(WebElementSource.java:89)\n\tat com.codeborne.selenide.impl.ElementFinder.createElementNotFoundError(ElementFinder.java:142)\n\tat com.codeborne.selenide.impl.WebElementSource.handleError(WebElementSource.java:141)\n\tat com.codeborne.selenide.impl.WebElementSource.checkConditionAndReturnElement(WebElementSource.java:125)\n\tat com.codeborne.selenide.impl.WebElementSource.checkCondition(WebElementSource.java:102)\n\tat com.codeborne.selenide.commands.Should.execute(Should.java:30)\n\tat com.codeborne.selenide.commands.Should.execute(Should.java:14)\n\tat com.codeborne.selenide.commands.Commands.execute(Commands.java:162)\n\tat com.codeborne.selenide.impl.SelenideElementProxy.dispatchAndRetry(SelenideElementProxy.java:134)\n\tat com.codeborne.selenide.impl.SelenideElementProxy.invoke(SelenideElementProxy.java:86)\n\tat jdk.proxy2/jdk.proxy2.$Proxy11.shouldBe(Unknown Source)\n\tat pages.SearchResultsPage.applyBrandFilter(SearchResultsPage.java:65)\n\tat tests.RegressionTest.tc07_verifySearchFilters(RegressionTest.java:101)\n\tat java.base/jdk.internal.reflect.NativeMethodAccessorImpl.invoke0(Native Method)\n\tat java.base/jdk.internal.reflect.NativeMethodAccessorImpl.invoke(NativeMethodAccessorImpl.java:77)\n\tat java.base/jdk.internal.reflect.DelegatingMethodAccessorImpl.invoke(DelegatingMethodAccessorImpl.java:43)\n\tat java.base/java.lang.reflect.Method.invoke(Method.java:569)\n\tat org.testng.internal.invokers.MethodInvocationHelper.invokeMethod(MethodInvocationHelper.java:141)\n\tat org.testng.internal.invokers.TestInvoker.invokeMethod(TestInvoker.java:686)\n\tat org.testng.internal.invokers.TestInvoker.invokeTestMethod(TestInvoker.java:230)\n\tat org.testng.internal.invokers.MethodRunner.runInSequence(MethodRunner.java:63)\n\tat org.testng.internal.invokers.TestInvoker$MethodInvocationAgent.invoke(TestInvoker.java:992)\n\tat org.testng.internal.invokers.TestInvoker.invokeTestMethods(TestInvoker.java:203)\n\tat org.testng.internal.invokers.TestMethodWorker.invokeTestMethods(TestMethodWorker.java:154)\n\tat org.testng.internal.invokers.TestMethodWorker.run(TestMethodWorker.java:134)\n\tat java.base/java.util.ArrayList.forEach(ArrayList.java:1511)\n\tat org.testng.TestRunner.privateRun(TestRunner.java:739)\n\tat org.testng.TestRunner.run(TestRunner.java:614)\n\tat org.testng.SuiteRunner.runTest(SuiteRunner.java:421)\n\tat org.testng.SuiteRunner.runSequentially(SuiteRunner.java:413)\n\tat org.testng.SuiteRunner.privateRun(SuiteRunner.java:373)\n\tat org.testng.SuiteRunner.run(SuiteRunner.java:312)\n\tat org.testng.SuiteRunnerWorker.runSuite(SuiteRunnerWorker.java:52)\n\tat org.testng.SuiteRunnerWorker.run(SuiteRunnerWorker.java:95)\n\tat org.testng.TestNG.runSuitesSequentially(TestNG.java:1274)\n\tat org.testng.TestNG.runSuitesLocally(TestNG.java:1208)\n\tat org.testng.TestNG.runSuites(TestNG.java:1112)\n\tat org.testng.TestNG.run(TestNG.java:1079)\n\tat org.apache.maven.surefire.testng.TestNGExecutor.run(TestNGExecutor.java:308)\n\tat org.apache.maven.surefire.testng.TestNGXmlTestSuite.execute(TestNGXmlTestSuite.java:71)\n\tat org.apache.maven.surefire.testng.TestNGProvider.invoke(TestNGProvider.java:113)\n\tat org.apache.maven.surefire.booter.ForkedBooter.runSuitesInProcess(ForkedBooter.java:385)\n\tat org.apache.maven.surefire.booter.ForkedBooter.execute(ForkedBooter.java:162)\n\tat org.apache.maven.surefire.booter.ForkedBooter.run(ForkedBooter.java:507)\n\tat org.apache.maven.surefire.booter.ForkedBooter.main(ForkedBooter.java:495)\nCaused by: org.openqa.selenium.NoSuchElementException: no such element: Unable to locate element: {\"method\":\"xpath\",\"selector\":\"//div[text()='HP']/preceding-sibling::div\"}\n  (Session info: chrome=143.0.7499.109)\nFor documentation on this error, please visit: https://www.selenium.dev/documentation/webdriver/troubleshooting/errors#no-such-element-exception\nBuild info: version: '4.19.1', revision: 'abe0ee07dc'\nSystem info: os.name: 'Linux', os.arch: 'amd64', os.version: '6.11.0-1018-azure', java.version: '17.0.17'\nDriver info: org.openqa.selenium.chrome.ChromeDriver\nCommand: [b61e7213fdce7e7bdddb73b34fbd7783, findElement {value=//div[text()='HP']/preceding-sibling::div, using=xpath}]\nCapabilities {acceptInsecureCerts: true, browserName: chrome, browserVersion: 143.0.7499.109, chrome: {chromedriverVersion: 143.0.7499.42 (24bdc8c48a0c..., userDataDir: /tmp/.org.chromium.Chromium...}, fedcm:accounts: true, goog:chromeOptions: {debuggerAddress: localhost:46339}, goog:processID: 3617, networkConnectionEnabled: false, pageLoadStrategy: eager, platformName: linux, proxy: Proxy(), se:cdp: ws://localhost:46339/devtoo..., se:cdpVersion: 143.0.7499.109, setWindowRect: true, strictFileInteractability: false, timeouts: {implicit: 0, pageLoad: 300000, script: 30000}, unhandledPromptBehavior: accept, webauthn:extension:credBlob: true, webauthn:extension:largeBlob: true, webauthn:extension:minPinLength: true, webauthn:extension:prf: true, webauthn:virtualAuthenticators: true}\nSession ID: b61e7213fdce7e7bdddb73b34fbd7783\n\tat jdk.internal.reflect.GeneratedConstructorAccessor11.newInstance(Unknown Source)\n\tat java.base/jdk.internal.reflect.DelegatingConstructorAccessorImpl.newInstance(DelegatingConstructorAccessorImpl.java:45)\n\tat java.base/java.lang.reflect.Constructor.newInstanceWithCaller(Constructor.java:500)\n\tat java.base/java.lang.reflect.Constructor.newInstance(Constructor.java:481)\n\tat org.openqa.selenium.remote.ErrorCodec.decode(ErrorCodec.java:167)\n\tat org.openqa.selenium.remote.codec.w3c.W3CHttpResponseCodec.decode(W3CHttpResponseCodec.java:138)\n\tat org.openqa.selenium.remote.codec.w3c.W3CHttpResponseCodec.decode(W3CHttpResponseCodec.java:50)\n\tat org.openqa.selenium.remote.HttpCommandExecutor.execute(HttpCommandExecutor.java:190)\n\tat org.openqa.selenium.remote.service.DriverCommandExecutor.invokeExecute(DriverCommandExecutor.java:216)\n\tat org.openqa.selenium.remote.service.DriverCommandExecutor.execute(DriverCommandExecutor.java:174)\n\tat org.openqa.selenium.remote.RemoteWebDriver.execute(RemoteWebDriver.java:518)\n\tat org.openqa.selenium.remote.ElementLocation$ElementFinder$2.findElement(ElementLocation.java:165)\n\tat org.openqa.selenium.remote.ElementLocation.findElement(ElementLocation.java:59)\n\tat org.openqa.selenium.remote.RemoteWebDriver.findElement(RemoteWebDriver.java:355)\n\tat org.openqa.selenium.remote.RemoteWebDriver.findElement(RemoteWebDriver.java:349)\n\tat com.codeborne.selenide.impl.WebElementSelector.findElement(WebElementSelector.java:73)\n\tat com.codeborne.selenide.impl.WebElementSelector.findElement(WebElementSelector.java:46)\n\tat com.codeborne.selenide.impl.WebElementSelector.findElement(WebElementSelector.java:35)\n\tat com.codeborne.selenide.impl.ElementFinder.getWebElement(ElementFinder.java:122)\n\tat com.codeborne.selenide.impl.WebElementSource.checkConditionAndReturnElement(WebElementSource.java:114)\n\t... 41 more\n","flaky":false,"newFailed":true,"newBroken":false,"newPassed":false,"retriesCount":0,"retriesStatusChange":false,"beforeStages":[{"name":"setUp","time":{"start":1766410897878,"stop":1766410897879,"duration":1},"description":"","status":"passed","steps":[],"attachments":[],"parameters":[],"shouldDisplayMessage":false,"attachmentsCount":0,"attachmentStep":false,"stepsCount":0,"hasContent":false}],"testStage":{"status":"failed","statusMessage":"Element not found {By.xpath: //div[text()='HP']/preceding-sibling::div}\nExpected: visible\nScreenshot: file:/home/runner/work/flipkart-regression/flipkart-regression/build/reports/tests/1766410908154.0.png\nPage source: file:/home/runner/work/flipkart-regression/flipkart-regression/build/reports/tests/1766410908154.0.html\nTimeout: 5 s.\nCaused by: NoSuchElementException: no such element: Unable to locate element: {\"method\":\"xpath\",\"selector\":\"//div[text()='HP']/preceding-sibling::div\"}","statusTrace":"Element not found {By.xpath: //div[text()='HP']/preceding-sibling::div}\nExpected: visible\nScreenshot: file:/home/runner/work/flipkart-regression/flipkart-regression/build/reports/tests/1766410908154.0.png\nPage source: file:/home/runner/work/flipkart-regression/flipkart-regression/build/reports/tests/1766410908154.0.html\nTimeout: 5 s.\nCaused by: NoSuchElementException: no such element: Unable to locate element: {\"method\":\"xpath\",\"selector\":\"//div[text()='HP']/preceding-sibling::div\"}\n\tat com.codeborne.selenide.impl.WebElementSource.createElementNotFoundError(WebElementSource.java:89)\n\tat com.codeborne.selenide.impl.ElementFinder.createElementNotFoundError(ElementFinder.java:142)\n\tat com.codeborne.selenide.impl.WebElementSource.handleError(WebElementSource.java:141)\n\tat com.codeborne.selenide.impl.WebElementSource.checkConditionAndReturnElement(WebElementSource.java:125)\n\tat com.codeborne.selenide.impl.WebElementSource.checkCondition(WebElementSource.java:102)\n\tat com.codeborne.selenide.commands.Should.execute(Should.java:30)\n\tat com.codeborne.selenide.commands.Should.execute(Should.java:14)\n\tat com.codeborne.selenide.commands.Commands.execute(Commands.java:162)\n\tat com.codeborne.selenide.impl.SelenideElementProxy.dispatchAndRetry(SelenideElementProxy.java:134)\n\tat com.codeborne.selenide.impl.SelenideElementProxy.invoke(SelenideElementProxy.java:86)\n\tat jdk.proxy2/jdk.proxy2.$Proxy11.shouldBe(Unknown Source)\n\tat pages.SearchResultsPage.applyBrandFilter(SearchResultsPage.java:65)\n\tat tests.RegressionTest.tc07_verifySearchFilters(RegressionTest.java:101)\n\tat java.base/jdk.internal.reflect.NativeMethodAccessorImpl.invoke0(Native Method)\n\tat java.base/jdk.internal.reflect.NativeMethodAccessorImpl.invoke(NativeMethodAccessorImpl.java:77)\n\tat java.base/jdk.internal.reflect.DelegatingMethodAccessorImpl.invoke(DelegatingMethodAccessorImpl.java:43)\n\tat java.base/java.lang.reflect.Method.invoke(Method.java:569)\n\tat org.testng.internal.invokers.MethodInvocationHelper.invokeMethod(MethodInvocationHelper.java:141)\n\tat org.testng.internal.invokers.TestInvoker.invokeMethod(TestInvoker.java:686)\n\tat org.testng.internal.invokers.TestInvoker.invokeTestMethod(TestInvoker.java:230)\n\tat org.testng.internal.invokers.MethodRunner.runInSequence(MethodRunner.java:63)\n\tat org.testng.internal.invokers.TestInvoker$MethodInvocationAgent.invoke(TestInvoker.java:992)\n\tat org.testng.internal.invokers.TestInvoker.invokeTestMethods(TestInvoker.java:203)\n\tat org.testng.internal.invokers.TestMethodWorker.invokeTestMethods(TestMethodWorker.java:154)\n\tat org.testng.internal.invokers.TestMethodWorker.run(TestMethodWorker.java:134)\n\tat java.base/java.util.ArrayList.forEach(ArrayList.java:1511)\n\tat org.testng.TestRunner.privateRun(TestRunner.java:739)\n\tat org.testng.TestRunner.run(TestRunner.java:614)\n\tat org.testng.SuiteRunner.runTest(SuiteRunner.java:421)\n\tat org.testng.SuiteRunner.runSequentially(SuiteRunner.java:413)\n\tat org.testng.SuiteRunner.privateRun(SuiteRunner.java:373)\n\tat org.testng.SuiteRunner.run(SuiteRunner.java:312)\n\tat org.testng.SuiteRunnerWorker.runSuite(SuiteRunnerWorker.java:52)\n\tat org.testng.SuiteRunnerWorker.run(SuiteRunnerWorker.java:95)\n\tat org.testng.TestNG.runSuitesSequentially(TestNG.java:1274)\n\tat org.testng.TestNG.runSuitesLocally(TestNG.java:1208)\n\tat org.testng.TestNG.runSuites(TestNG.java:1112)\n\tat org.testng.TestNG.run(TestNG.java:1079)\n\tat org.apache.maven.surefire.testng.TestNGExecutor.run(TestNGExecutor.java:308)\n\tat org.apache.maven.surefire.testng.TestNGXmlTestSuite.execute(TestNGXmlTestSuite.java:71)\n\tat org.apache.maven.surefire.testng.TestNGProvider.invoke(TestNGProvider.java:113)\n\tat org.apache.maven.surefire.booter.ForkedBooter.runSuitesInProcess(ForkedBooter.java:385)\n\tat org.apache.maven.surefire.booter.ForkedBooter.execute(ForkedBooter.java:162)\n\tat org.apache.maven.surefire.booter.ForkedBooter.run(ForkedBooter.java:507)\n\tat org.apache.maven.surefire.booter.ForkedBooter.main(ForkedBooter.java:495)\nCaused by: org.openqa.selenium.NoSuchElementException: no such element: Unable to locate element: {\"method\":\"xpath\",\"selector\":\"//div[text()='HP']/preceding-sibling::div\"}\n  (Session info: chrome=143.0.7499.109)\nFor documentation on this error, please visit: https://www.selenium.dev/documentation/webdriver/troubleshooting/errors#no-such-element-exception\nBuild info: version: '4.19.1', revision: 'abe0ee07dc'\nSystem info: os.name: 'Linux', os.arch: 'amd64', os.version: '6.11.0-1018-azure', java.version: '17.0.17'\nDriver info: org.openqa.selenium.chrome.ChromeDriver\nCommand: [b61e7213fdce7e7bdddb73b34fbd7783, findElement {value=//div[text()='HP']/preceding-sibling::div, using=xpath}]\nCapabilities {acceptInsecureCerts: true, browserName: chrome, browserVersion: 143.0.7499.109, chrome: {chromedriverVersion: 143.0.7499.42 (24bdc8c48a0c..., userDataDir: /tmp/.org.chromium.Chromium...}, fedcm:accounts: true, goog:chromeOptions: {debuggerAddress: localhost:46339}, goog:processID: 3617, networkConnectionEnabled: false, pageLoadStrategy: eager, platformName: linux, proxy: Proxy(), se:cdp: ws://localhost:46339/devtoo..., se:cdpVersion: 143.0.7499.109, setWindowRect: true, strictFileInteractability: false, timeouts: {implicit: 0, pageLoad: 300000, script: 30000}, unhandledPromptBehavior: accept, webauthn:extension:credBlob: true, webauthn:extension:largeBlob: true, webauthn:extension:minPinLength: true, webauthn:extension:prf: true, webauthn:virtualAuthenticators: true}\nSession ID: b61e7213fdce7e7bdddb73b34fbd7783\n\tat jdk.internal.reflect.GeneratedConstructorAccessor11.newInstance(Unknown Source)\n\tat java.base/jdk.internal.reflect.DelegatingConstructorAccessorImpl.newInstance(DelegatingConstructorAccessorImpl.java:45)\n\tat java.base/java.lang.reflect.Constructor.newInstanceWithCaller(Constructor.java:500)\n\tat java.base/java.lang.reflect.Constructor.newInstance(Constructor.java:481)\n\tat org.openqa.selenium.remote.ErrorCodec.decode(ErrorCodec.java:167)\n\tat org.openqa.selenium.remote.codec.w3c.W3CHttpResponseCodec.decode(W3CHttpResponseCodec.java:138)\n\tat org.openqa.selenium.remote.codec.w3c.W3CHttpResponseCodec.decode(W3CHttpResponseCodec.java:50)\n\tat org.openqa.selenium.remote.HttpCommandExecutor.execute(HttpCommandExecutor.java:190)\n\tat org.openqa.selenium.remote.service.DriverCommandExecutor.invokeExecute(DriverCommandExecutor.java:216)\n\tat org.openqa.selenium.remote.service.DriverCommandExecutor.execute(DriverCommandExecutor.java:174)\n\tat org.openqa.selenium.remote.RemoteWebDriver.execute(RemoteWebDriver.java:518)\n\tat org.openqa.selenium.remote.ElementLocation$ElementFinder$2.findElement(ElementLocation.java:165)\n\tat org.openqa.selenium.remote.ElementLocation.findElement(ElementLocation.java:59)\n\tat org.openqa.selenium.remote.RemoteWebDriver.findElement(RemoteWebDriver.java:355)\n\tat org.openqa.selenium.remote.RemoteWebDriver.findElement(RemoteWebDriver.java:349)\n\tat com.codeborne.selenide.impl.WebElementSelector.findElement(WebElementSelector.java:73)\n\tat com.codeborne.selenide.impl.WebElementSelector.findElement(WebElementSelector.java:46)\n\tat com.codeborne.selenide.impl.WebElementSelector.findElement(WebElementSelector.java:35)\n\tat com.codeborne.selenide.impl.ElementFinder.getWebElement(ElementFinder.java:122)\n\tat com.codeborne.selenide.impl.WebElementSource.checkConditionAndReturnElement(WebElementSource.java:114)\n\t... 41 more\n","steps":[{"name":"$(\"open\") https://www.flipkart.com","time":{"start":1766410897880,"stop":1766410900234,"duration":2354},"status":"passed","steps":[{"name":"$(\"webdriver\") create()","time":{"start":1766410897880,"stop":1766410898164,"duration":284},"status":"passed","steps":[],"attachments":[],"parameters":[],"shouldDisplayMessage":false,"attachmentsCount":0,"attachmentStep":false,"stepsCount":0,"hasContent":false}],"attachments":[],"parameters":[],"shouldDisplayMessage":false,"attachmentsCount":0,"attachmentStep":false,"stepsCount":1,"hasContent":true},{"name":"$(\"By.xpath: //input[@name='q']\") set value(Laptop)","time":{"start":1766410900234,"stop":1766410901127,"duration":893},"status":"passed","steps":[],"attachments":[],"parameters":[],"shouldDisplayMessage":false,"attachmentsCount":0,"attachmentStep":false,"stepsCount":0,"hasContent":false},{"name":"$(\"By.xpath: //input[@name='q']\") press enter()","time":{"start":1766410901128,"stop":1766410902309,"duration":1181},"status":"passed","steps":[],"attachments":[],"parameters":[],"shouldDisplayMessage":false,"attachmentsCount":0,"attachmentStep":false,"stepsCount":0,"hasContent":false},{"name":"$(\"By.xpath: //div[text()='Brand']\") should be(visible)","time":{"start":1766410902309,"stop":1766410902327,"duration":18},"status":"passed","steps":[],"attachments":[],"parameters":[],"shouldDisplayMessage":false,"attachmentsCount":0,"attachmentStep":false,"stepsCount":0,"hasContent":false},{"name":"$(\"By.xpath: //div[text()='Brand']\") click()","time":{"start":1766410902327,"stop":1766410902419,"duration":92},"status":"passed","steps":[],"attachments":[],"parameters":[],"shouldDisplayMessage":false,"attachmentsCount":0,"attachmentStep":false,"stepsCount":0,"hasContent":false},{"name":"$(\"By.xpath: (//div[@class='GN2Hca rQQNAD'])[1]\") should be(visible)","time":{"start":1766410902420,"stop":1766410902898,"duration":478},"status":"passed","steps":[],"attachments":[],"parameters":[],"shouldDisplayMessage":false,"attachmentsCount":0,"attachmentStep":false,"stepsCount":0,"hasContent":false},{"name":"$(\"By.xpath: (//div[@class='GN2Hca rQQNAD'])[1]\") click()","time":{"start":1766410902898,"stop":1766410903002,"duration":104},"status":"passed","steps":[],"attachments":[],"parameters":[],"shouldDisplayMessage":false,"attachmentsCount":0,"attachmentStep":false,"stepsCount":0,"hasContent":false},{"name":"$(\"By.xpath: //div[text()='HP']/preceding-sibling::div\") should be([visible, 5 s.])","time":{"start":1766410903002,"stop":1766410908653,"duration":5651},"status":"failed","statusMessage":"Element not found {By.xpath: //div[text()='HP']/preceding-sibling::div}\nExpected: visible\nScreenshot: file:/home/runner/work/flipkart-regression/flipkart-regression/build/reports/tests/1766410908154.0.png\nPage source: file:/home/runner/work/flipkart-regression/flipkart-regression/build/reports/tests/1766410908154.0.html\nTimeout: 5 s.\nCaused by: NoSuchElementException: no such element: Unable to locate element: {\"method\":\"xpath\",\"selector\":\"//div[text()='HP']/preceding-sibling::div\"}","statusTrace":"Element not found {By.xpath: //div[text()='HP']/preceding-sibling::div}\nExpected: visible\nScreenshot: file:/home/runner/work/flipkart-regression/flipkart-regression/build/reports/tests/1766410908154.0.png\nPage source: file:/home/runner/work/flipkart-regression/flipkart-regression/build/reports/tests/1766410908154.0.html\nTimeout: 5 s.\nCaused by: NoSuchElementException: no such element: Unable to locate element: {\"method\":\"xpath\",\"selector\":\"//div[text()='HP']/preceding-sibling::div\"}\n\tat com.codeborne.selenide.impl.WebElementSource.createElementNotFoundError(WebElementSource.java:89)\n\tat com.codeborne.selenide.impl.ElementFinder.createElementNotFoundError(ElementFinder.java:142)\n\tat com.codeborne.selenide.impl.WebElementSource.handleError(WebElementSource.java:141)\n\tat com.codeborne.selenide.impl.WebElementSource.checkConditionAndReturnElement(WebElementSource.java:125)\n\tat com.codeborne.selenide.impl.WebElementSource.checkCondition(WebElementSource.java:102)\n\tat com.codeborne.selenide.commands.Should.execute(Should.java:30)\n\tat com.codeborne.selenide.commands.Should.execute(Should.java:14)\n\tat com.codeborne.selenide.commands.Commands.execute(Commands.java:162)\n\tat com.codeborne.selenide.impl.SelenideElementProxy.dispatchAndRetry(SelenideElementProxy.java:134)\n\tat com.codeborne.selenide.impl.SelenideElementProxy.invoke(SelenideElementProxy.java:86)\n\tat jdk.proxy2/jdk.proxy2.$Proxy11.shouldBe(Unknown Source)\n\tat pages.SearchResultsPage.applyBrandFilter(SearchResultsPage.java:65)\n\tat tests.RegressionTest.tc07_verifySearchFilters(RegressionTest.java:101)\n\tat java.base/jdk.internal.reflect.NativeMethodAccessorImpl.invoke0(Native Method)\n\tat java.base/jdk.internal.reflect.NativeMethodAccessorImpl.invoke(NativeMethodAccessorImpl.java:77)\n\tat java.base/jdk.internal.reflect.DelegatingMethodAccessorImpl.invoke(DelegatingMethodAccessorImpl.java:43)\n\tat java.base/java.lang.reflect.Method.invoke(Method.java:569)\n\tat org.testng.internal.invokers.MethodInvocationHelper.invokeMethod(MethodInvocationHelper.java:141)\n\tat org.testng.internal.invokers.TestInvoker.invokeMethod(TestInvoker.java:686)\n\tat org.testng.internal.invokers.TestInvoker.invokeTestMethod(TestInvoker.java:230)\n\tat org.testng.internal.invokers.MethodRunner.runInSequence(MethodRunner.java:63)\n\tat org.testng.internal.invokers.TestInvoker$MethodInvocationAgent.invoke(TestInvoker.java:992)\n\tat org.testng.internal.invokers.TestInvoker.invokeTestMethods(TestInvoker.java:203)\n\tat org.testng.internal.invokers.TestMethodWorker.invokeTestMethods(TestMethodWorker.java:154)\n\tat org.testng.internal.invokers.TestMethodWorker.run(TestMethodWorker.java:134)\n\tat java.base/java.util.ArrayList.forEach(ArrayList.java:1511)\n\tat org.testng.TestRunner.privateRun(TestRunner.java:739)\n\tat org.testng.TestRunner.run(TestRunner.java:614)\n\tat org.testng.SuiteRunner.runTest(SuiteRunner.java:421)\n\tat org.testng.SuiteRunner.runSequentially(SuiteRunner.java:413)\n\tat org.testng.SuiteRunner.privateRun(SuiteRunner.java:373)\n\tat org.testng.SuiteRunner.run(SuiteRunner.java:312)\n\tat org.testng.SuiteRunnerWorker.runSuite(SuiteRunnerWorker.java:52)\n\tat org.testng.SuiteRunnerWorker.run(SuiteRunnerWorker.java:95)\n\tat org.testng.TestNG.runSuitesSequentially(TestNG.java:1274)\n\tat org.testng.TestNG.runSuitesLocally(TestNG.java:1208)\n\tat org.testng.TestNG.runSuites(TestNG.java:1112)\n\tat org.testng.TestNG.run(TestNG.java:1079)\n\tat org.apache.maven.surefire.testng.TestNGExecutor.run(TestNGExecutor.java:308)\n\tat org.apache.maven.surefire.testng.TestNGXmlTestSuite.execute(TestNGXmlTestSuite.java:71)\n\tat org.apache.maven.surefire.testng.TestNGProvider.invoke(TestNGProvider.java:113)\n\tat org.apache.maven.surefire.booter.ForkedBooter.runSuitesInProcess(ForkedBooter.java:385)\n\tat org.apache.maven.surefire.booter.ForkedBooter.execute(ForkedBooter.java:162)\n\tat org.apache.maven.surefire.booter.ForkedBooter.run(ForkedBooter.java:507)\n\tat org.apache.maven.surefire.booter.ForkedBooter.main(ForkedBooter.java:495)\nCaused by: org.openqa.selenium.NoSuchElementException: no such element: Unable to locate element: {\"method\":\"xpath\",\"selector\":\"//div[text()='HP']/preceding-sibling::div\"}\n  (Session info: chrome=143.0.7499.109)\nFor documentation on this error, please visit: https://www.selenium.dev/documentation/webdriver/troubleshooting/errors#no-such-element-exception\nBuild info: version: '4.19.1', revision: 'abe0ee07dc'\nSystem info: os.name: 'Linux', os.arch: 'amd64', os.version: '6.11.0-1018-azure', java.version: '17.0.17'\nDriver info: org.openqa.selenium.chrome.ChromeDriver\nCommand: [b61e7213fdce7e7bdddb73b34fbd7783, findElement {value=//div[text()='HP']/preceding-sibling::div, using=xpath}]\nCapabilities {acceptInsecureCerts: true, browserName: chrome, browserVersion: 143.0.7499.109, chrome: {chromedriverVersion: 143.0.7499.42 (24bdc8c48a0c..., userDataDir: /tmp/.org.chromium.Chromium...}, fedcm:accounts: true, goog:chromeOptions: {debuggerAddress: localhost:46339}, goog:processID: 3617, networkConnectionEnabled: false, pageLoadStrategy: eager, platformName: linux, proxy: Proxy(), se:cdp: ws://localhost:46339/devtoo..., se:cdpVersion: 143.0.7499.109, setWindowRect: true, strictFileInteractability: false, timeouts: {implicit: 0, pageLoad: 300000, script: 30000}, unhandledPromptBehavior: accept, webauthn:extension:credBlob: true, webauthn:extension:largeBlob: true, webauthn:extension:minPinLength: true, webauthn:extension:prf: true, webauthn:virtualAuthenticators: true}\nSession ID: b61e7213fdce7e7bdddb73b34fbd7783\n\tat jdk.internal.reflect.GeneratedConstructorAccessor11.newInstance(Unknown Source)\n\tat java.base/jdk.internal.reflect.DelegatingConstructorAccessorImpl.newInstance(DelegatingConstructorAccessorImpl.java:45)\n\tat java.base/java.lang.reflect.Constructor.newInstanceWithCaller(Constructor.java:500)\n\tat java.base/java.lang.reflect.Constructor.newInstance(Constructor.java:481)\n\tat org.openqa.selenium.remote.ErrorCodec.decode(ErrorCodec.java:167)\n\tat org.openqa.selenium.remote.codec.w3c.W3CHttpResponseCodec.decode(W3CHttpResponseCodec.java:138)\n\tat org.openqa.selenium.remote.codec.w3c.W3CHttpResponseCodec.decode(W3CHttpResponseCodec.java:50)\n\tat org.openqa.selenium.remote.HttpCommandExecutor.execute(HttpCommandExecutor.java:190)\n\tat org.openqa.selenium.remote.service.DriverCommandExecutor.invokeExecute(DriverCommandExecutor.java:216)\n\tat org.openqa.selenium.remote.service.DriverCommandExecutor.execute(DriverCommandExecutor.java:174)\n\tat org.openqa.selenium.remote.RemoteWebDriver.execute(RemoteWebDriver.java:518)\n\tat org.openqa.selenium.remote.ElementLocation$ElementFinder$2.findElement(ElementLocation.java:165)\n\tat org.openqa.selenium.remote.ElementLocation.findElement(ElementLocation.java:59)\n\tat org.openqa.selenium.remote.RemoteWebDriver.findElement(RemoteWebDriver.java:355)\n\tat org.openqa.selenium.remote.RemoteWebDriver.findElement(RemoteWebDriver.java:349)\n\tat com.codeborne.selenide.impl.WebElementSelector.findElement(WebElementSelector.java:73)\n\tat com.codeborne.selenide.impl.WebElementSelector.findElement(WebElementSelector.java:46)\n\tat com.codeborne.selenide.impl.WebElementSelector.findElement(WebElementSelector.java:35)\n\tat com.codeborne.selenide.impl.ElementFinder.getWebElement(ElementFinder.java:122)\n\tat com.codeborne.selenide.impl.WebElementSource.checkConditionAndReturnElement(WebElementSource.java:114)\n\t... 41 more\n","steps":[],"attachments":[{"uid":"9433d518134498c5","name":"Screenshot","source":"9433d518134498c5.png","type":"image/png","size":206188},{"uid":"3835224e5596a29a","name":"Page source","source":"3835224e5596a29a.html","type":"text/html","size":318378}],"parameters":[],"shouldDisplayMessage":true,"attachmentsCount":2,"attachmentStep":false,"stepsCount":0,"hasContent":true}],"attachments":[],"parameters":[],"shouldDisplayMessage":false,"attachmentsCount":2,"attachmentStep":false,"stepsCount":9,"hasContent":true},"afterStages":[{"name":"tearDown","time":{"start":1766410908665,"stop":1766410908745,"duration":80},"description":"","status":"passed","steps":[{"name":"$(\"webdriver\") close()","time":{"start":1766410908665,"stop":1766410908745,"duration":80},"status":"passed","steps":[],"attachments":[],"parameters":[],"shouldDisplayMessage":false,"attachmentsCount":0,"attachmentStep":false,"stepsCount":0,"hasContent":false}],"attachments":[],"parameters":[],"shouldDisplayMessage":false,"attachmentsCount":0,"attachmentStep":false,"stepsCount":1,"hasContent":true}],"labels":[{"name":"package","value":"tests.RegressionTest"},{"name":"testClass","value":"tests.RegressionTest"},{"name":"testMethod","value":"tc07_verifySearchFilters"},{"name":"parentSuite","value":"Flipkart Regression Suite"},{"name":"suite","value":"Regression Tests"},{"name":"subSuite","value":"tests.RegressionTest"},{"name":"host","value":"runnervmh13bl"},{"name":"thread","value":"2540@runnervmh13bl.main(1)"},{"name":"framework","value":"testng"},{"name":"language","value":"java"},{"name":"resultFormat","value":"allure2"}],"parameters":[],"links":[],"hidden":false,"retry":false,"extra":{"severity":"normal","retries":[],"categories":[{"name":"Product defects","matchedStatuses":[],"flaky":false}],"history":{"statistic":{"failed":9,"broken":0,"skipped":0,"passed":17,"unknown":0,"total":26},"items":[{"uid":"f45824f04710ff28","reportUrl":"https://Dhiman07-create.github.io/flipkart-regression/DEV/testng/61//#testresult/f45824f04710ff28","status":"passed","time":{"start":1766410071884,"stop":1766410084473,"duration":12589}},{"uid":"fe284704dff6186d","reportUrl":"https://Dhiman07-create.github.io/flipkart-regression/DEV/testng/60//#testresult/fe284704dff6186d","status":"passed","time":{"start":1766409224143,"stop":1766409236782,"duration":12639}},{"uid":"511e2e69c37aa93e","reportUrl":"https://Dhiman07-create.github.io/flipkart-regression/DEV/testng/59//#testresult/511e2e69c37aa93e","status":"passed","time":{"start":1766402705695,"stop":1766402719845,"duration":14150}},{"uid":"b5b5e24e431256b2","reportUrl":"https://Dhiman07-create.github.io/flipkart-regression/DEV/testng/58//#testresult/b5b5e24e431256b2","status":"passed","time":{"start":1766382809482,"stop":1766382822864,"duration":13382}},{"uid":"52fa16113dda99ce","reportUrl":"https://Dhiman07-create.github.io/flipkart-regression/DEV/testng/36//#testresult/52fa16113dda99ce","status":"passed","time":{"start":1766382592009,"stop":1766382605766,"duration":13757}},{"uid":"50c79eebc29e1fa","reportUrl":"https://Dhiman07-create.github.io/flipkart-regression/DEV/testng/36//#testresult/50c79eebc29e1fa","status":"passed","time":{"start":1766372548079,"stop":1766372561188,"duration":13109}},{"uid":"630afb04ab8faaec","reportUrl":"https://Dhiman07-create.github.io/flipkart-regression/DEV/testng/57//#testresult/630afb04ab8faaec","status":"passed","time":{"start":1766334455030,"stop":1766334467486,"duration":12456}},{"uid":"73af8bb31c52afdf","reportUrl":"https://Dhiman07-create.github.io/flipkart-regression/DEV/testng/56//#testresult/73af8bb31c52afdf","status":"passed","time":{"start":1766333740054,"stop":1766333752963,"duration":12909}},{"uid":"6ee23a6c9fd30985","reportUrl":"https://Dhiman07-create.github.io/flipkart-regression/DEV/testng/55//#testresult/6ee23a6c9fd30985","status":"passed","time":{"start":1766333132466,"stop":1766333145339,"duration":12873}},{"uid":"e5a6bd4cd09e4a16","reportUrl":"https://Dhiman07-create.github.io/flipkart-regression/DEV/testng/54//#testresult/e5a6bd4cd09e4a16","status":"passed","time":{"start":1766332745523,"stop":1766332758315,"duration":12792}},{"uid":"865cc109b9a61cd7","reportUrl":"https://Dhiman07-create.github.io/flipkart-regression/DEV/testng/53//#testresult/865cc109b9a61cd7","status":"passed","time":{"start":1766324046409,"stop":1766324060181,"duration":13772}},{"uid":"946134ea743a0380","reportUrl":"https://Dhiman07-create.github.io/flipkart-regression/DEV/testng/52//#testresult/946134ea743a0380","status":"passed","time":{"start":1766323851121,"stop":1766323864771,"duration":13650}},{"uid":"4fb41f5aed7bc776","reportUrl":"https://Dhiman07-create.github.io/flipkart-regression/DEV/testng/51//#testresult/4fb41f5aed7bc776","status":"passed","time":{"start":1766323628925,"stop":1766323641529,"duration":12604}},{"uid":"dc058ee6690d5371","reportUrl":"https://Dhiman07-create.github.io/flipkart-regression/DEV/testng/35//#testresult/dc058ee6690d5371","status":"failed","statusDetails":"Element not found {By.xpath: //div[text()='HP']/preceding-sibling::div}\nExpected: visible\nScreenshot: file:/home/runner/work/flipkart-regression/flipkart-regression/build/reports/tests/1766286043686.0.png\nPage source: file:/home/runner/work/flipkart-regression/flipkart-regression/build/reports/tests/1766286043686.0.html\nTimeout: 15 s.\nCaused by: NoSuchElementException: no such element: Unable to locate element: {\"method\":\"xpath\",\"selector\":\"//div[text()='HP']/preceding-sibling::div\"}","time":{"start":1766286023830,"stop":1766286044048,"duration":20218}},{"uid":"a6a0cfd3a1622659","reportUrl":"https://Dhiman07-create.github.io/flipkart-regression/DEV/testng/34//#testresult/a6a0cfd3a1622659","status":"failed","statusDetails":"Element not found {By.xpath: //div[text()='HP']/preceding-sibling::div}\nExpected: visible\nScreenshot: file:/home/runner/work/flipkart-regression/flipkart-regression/build/reports/tests/1766198787189.0.png\nPage source: file:/home/runner/work/flipkart-regression/flipkart-regression/build/reports/tests/1766198787189.0.html\nTimeout: 15 s.\nCaused by: NoSuchElementException: no such element: Unable to locate element: {\"method\":\"xpath\",\"selector\":\"//div[text()='HP']/preceding-sibling::div\"}","time":{"start":1766198767220,"stop":1766198787589,"duration":20369}},{"uid":"fe523445b75b0938","reportUrl":"https://Dhiman07-create.github.io/flipkart-regression/DEV/testng/33//#testresult/fe523445b75b0938","status":"failed","statusDetails":"Element not found {By.xpath: //div[text()='HP']/preceding-sibling::div}\nExpected: visible\nScreenshot: file:/home/runner/work/flipkart-regression/flipkart-regression/build/reports/tests/1766112892724.0.png\nPage source: file:/home/runner/work/flipkart-regression/flipkart-regression/build/reports/tests/1766112892724.0.html\nTimeout: 15 s.\nCaused by: NoSuchElementException: no such element: Unable to locate element: {\"method\":\"xpath\",\"selector\":\"//div[text()='HP']/preceding-sibling::div\"}","time":{"start":1766112872278,"stop":1766112893086,"duration":20808}},{"uid":"90bc166356df19e3","reportUrl":"https://Dhiman07-create.github.io/flipkart-regression/DEV/testng/32//#testresult/90bc166356df19e3","status":"failed","statusDetails":"Element not found {By.xpath: //div[text()='HP']/preceding-sibling::div}\nExpected: visible\nScreenshot: file:/home/runner/work/flipkart-regression/flipkart-regression/build/reports/tests/1766026320598.0.png\nPage source: file:/home/runner/work/flipkart-regression/flipkart-regression/build/reports/tests/1766026320598.0.html\nTimeout: 15 s.\nCaused by: NoSuchElementException: no such element: Unable to locate element: {\"method\":\"xpath\",\"selector\":\"//div[text()='HP']/preceding-sibling::div\"}","time":{"start":1766026300408,"stop":1766026320970,"duration":20562}},{"uid":"231bacf3e1c10380","reportUrl":"https://Dhiman07-create.github.io/flipkart-regression/DEV/testng/31//#testresult/231bacf3e1c10380","status":"failed","statusDetails":"Element not found {By.xpath: //div[text()='HP']/preceding-sibling::div}\nExpected: visible\nScreenshot: file:/home/runner/work/flipkart-regression/flipkart-regression/build/reports/tests/1765939920405.0.png\nPage source: file:/home/runner/work/flipkart-regression/flipkart-regression/build/reports/tests/1765939920405.0.html\nTimeout: 15 s.\nCaused by: NoSuchElementException: no such element: Unable to locate element: {\"method\":\"xpath\",\"selector\":\"//div[text()='HP']/preceding-sibling::div\"}","time":{"start":1765939900023,"stop":1765939920763,"duration":20740}},{"uid":"1c3ef4e6e54b14b","reportUrl":"https://Dhiman07-create.github.io/flipkart-regression/DEV/testng/50//#testresult/1c3ef4e6e54b14b","status":"passed","time":{"start":1765909467019,"stop":1765909481013,"duration":13994}},{"uid":"4c9524ee1613b6ae","reportUrl":"https://Dhiman07-create.github.io/flipkart-regression/DEV/testng/49//#testresult/4c9524ee1613b6ae","status":"passed","time":{"start":1765908918249,"stop":1765908932437,"duration":14188}}]},"tags":[]},"source":"a1ec9b42a548c237.json","parameterValues":[]}