{"uid":"71653cab2044db9c","name":"tc07_verifySearchFilters","fullName":"tests.RegressionTest.tc07_verifySearchFilters","historyId":"ffad1c159fd21ace2a9b750d2584ff0a","time":{"start":1769483270344,"stop":1769483293413,"duration":23069},"status":"failed","statusMessage":"Element should have text \"HP\" {By.xpath: //div[@class='RG5Slk'].snapshot(24 elements)[0]}\nElement: '<div class=\"RG5Slk\">Lenovo LOQ Essential Intel Core i5 12th Gen 12450HX - (16 GB/512 GB SSD/Windows 11 Home/4 GB Graphics/...</div>'\nActual value: text=\"Lenovo LOQ Essential Intel Core i5 12th Gen 12450HX - (16 GB/512 GB SSD/Windows 11 Home/4 GB Graphics/...\"\nScreenshot: file:/home/runner/work/flipkart-regression/flipkart-regression/build/reports/tests/1769483293039.0.png\nPage source: file:/home/runner/work/flipkart-regression/flipkart-regression/build/reports/tests/1769483293039.0.html\nTimeout: 15 s.","statusTrace":"Element should have text \"HP\" {By.xpath: //div[@class='RG5Slk'].snapshot(24 elements)[0]}\nElement: '<div class=\"RG5Slk\">Lenovo LOQ Essential Intel Core i5 12th Gen 12450HX - (16 GB/512 GB SSD/Windows 11 Home/4 GB Graphics/...</div>'\nActual value: text=\"Lenovo LOQ Essential Intel Core i5 12th Gen 12450HX - (16 GB/512 GB SSD/Windows 11 Home/4 GB Graphics/...\"\nScreenshot: file:/home/runner/work/flipkart-regression/flipkart-regression/build/reports/tests/1769483293039.0.png\nPage source: file:/home/runner/work/flipkart-regression/flipkart-regression/build/reports/tests/1769483293039.0.html\nTimeout: 15 s.\n\tat com.codeborne.selenide.impl.WebElementSource.handleError(WebElementSource.java:147)\n\tat com.codeborne.selenide.impl.WebElementSource.checkConditionAndReturnElement(WebElementSource.java:125)\n\tat com.codeborne.selenide.impl.WebElementSource.checkCondition(WebElementSource.java:102)\n\tat com.codeborne.selenide.commands.Should.execute(Should.java:30)\n\tat com.codeborne.selenide.commands.Should.execute(Should.java:14)\n\tat com.codeborne.selenide.commands.Commands.execute(Commands.java:162)\n\tat com.codeborne.selenide.impl.SelenideElementProxy.dispatchAndRetry(SelenideElementProxy.java:134)\n\tat com.codeborne.selenide.impl.SelenideElementProxy.invoke(SelenideElementProxy.java:86)\n\tat jdk.proxy2/jdk.proxy2.$Proxy11.shouldHave(Unknown Source)\n\tat pages.SearchResultsPage.verifyBrandFiltered(SearchResultsPage.java:80)\n\tat tests.RegressionTest.tc07_verifySearchFilters(RegressionTest.java:102)\n\tat java.base/jdk.internal.reflect.NativeMethodAccessorImpl.invoke0(Native Method)\n\tat java.base/jdk.internal.reflect.NativeMethodAccessorImpl.invoke(NativeMethodAccessorImpl.java:77)\n\tat java.base/jdk.internal.reflect.DelegatingMethodAccessorImpl.invoke(DelegatingMethodAccessorImpl.java:43)\n\tat java.base/java.lang.reflect.Method.invoke(Method.java:569)\n\tat org.testng.internal.invokers.MethodInvocationHelper.invokeMethod(MethodInvocationHelper.java:141)\n\tat org.testng.internal.invokers.TestInvoker.invokeMethod(TestInvoker.java:686)\n\tat org.testng.internal.invokers.TestInvoker.invokeTestMethod(TestInvoker.java:230)\n\tat org.testng.internal.invokers.MethodRunner.runInSequence(MethodRunner.java:63)\n\tat org.testng.internal.invokers.TestInvoker$MethodInvocationAgent.invoke(TestInvoker.java:992)\n\tat org.testng.internal.invokers.TestInvoker.invokeTestMethods(TestInvoker.java:203)\n\tat org.testng.internal.invokers.TestMethodWorker.invokeTestMethods(TestMethodWorker.java:154)\n\tat org.testng.internal.invokers.TestMethodWorker.run(TestMethodWorker.java:134)\n\tat java.base/java.util.ArrayList.forEach(ArrayList.java:1511)\n\tat org.testng.TestRunner.privateRun(TestRunner.java:739)\n\tat org.testng.TestRunner.run(TestRunner.java:614)\n\tat org.testng.SuiteRunner.runTest(SuiteRunner.java:421)\n\tat org.testng.SuiteRunner.runSequentially(SuiteRunner.java:413)\n\tat org.testng.SuiteRunner.privateRun(SuiteRunner.java:373)\n\tat org.testng.SuiteRunner.run(SuiteRunner.java:312)\n\tat org.testng.SuiteRunnerWorker.runSuite(SuiteRunnerWorker.java:52)\n\tat org.testng.SuiteRunnerWorker.run(SuiteRunnerWorker.java:95)\n\tat org.testng.TestNG.runSuitesSequentially(TestNG.java:1274)\n\tat org.testng.TestNG.runSuitesLocally(TestNG.java:1208)\n\tat org.testng.TestNG.runSuites(TestNG.java:1112)\n\tat org.testng.TestNG.run(TestNG.java:1079)\n\tat org.apache.maven.surefire.testng.TestNGExecutor.run(TestNGExecutor.java:308)\n\tat org.apache.maven.surefire.testng.TestNGXmlTestSuite.execute(TestNGXmlTestSuite.java:71)\n\tat org.apache.maven.surefire.testng.TestNGProvider.invoke(TestNGProvider.java:113)\n\tat org.apache.maven.surefire.booter.ForkedBooter.runSuitesInProcess(ForkedBooter.java:385)\n\tat org.apache.maven.surefire.booter.ForkedBooter.execute(ForkedBooter.java:162)\n\tat org.apache.maven.surefire.booter.ForkedBooter.run(ForkedBooter.java:507)\n\tat org.apache.maven.surefire.booter.ForkedBooter.main(ForkedBooter.java:495)\n","flaky":false,"newFailed":false,"newBroken":false,"newPassed":false,"retriesCount":0,"retriesStatusChange":false,"beforeStages":[{"name":"setUp","time":{"start":1769483270343,"stop":1769483270343,"duration":0},"description":"","status":"passed","steps":[],"attachments":[],"parameters":[],"shouldDisplayMessage":false,"attachmentsCount":0,"stepsCount":0,"hasContent":false,"attachmentStep":false}],"testStage":{"status":"failed","statusMessage":"Element should have text \"HP\" {By.xpath: //div[@class='RG5Slk'].snapshot(24 elements)[0]}\nElement: '<div class=\"RG5Slk\">Lenovo LOQ Essential Intel Core i5 12th Gen 12450HX - (16 GB/512 GB SSD/Windows 11 Home/4 GB Graphics/...</div>'\nActual value: text=\"Lenovo LOQ Essential Intel Core i5 12th Gen 12450HX - (16 GB/512 GB SSD/Windows 11 Home/4 GB Graphics/...\"\nScreenshot: file:/home/runner/work/flipkart-regression/flipkart-regression/build/reports/tests/1769483293039.0.png\nPage source: file:/home/runner/work/flipkart-regression/flipkart-regression/build/reports/tests/1769483293039.0.html\nTimeout: 15 s.","statusTrace":"Element should have text \"HP\" {By.xpath: //div[@class='RG5Slk'].snapshot(24 elements)[0]}\nElement: '<div class=\"RG5Slk\">Lenovo LOQ Essential Intel Core i5 12th Gen 12450HX - (16 GB/512 GB SSD/Windows 11 Home/4 GB Graphics/...</div>'\nActual value: text=\"Lenovo LOQ Essential Intel Core i5 12th Gen 12450HX - (16 GB/512 GB SSD/Windows 11 Home/4 GB Graphics/...\"\nScreenshot: file:/home/runner/work/flipkart-regression/flipkart-regression/build/reports/tests/1769483293039.0.png\nPage source: file:/home/runner/work/flipkart-regression/flipkart-regression/build/reports/tests/1769483293039.0.html\nTimeout: 15 s.\n\tat com.codeborne.selenide.impl.WebElementSource.handleError(WebElementSource.java:147)\n\tat com.codeborne.selenide.impl.WebElementSource.checkConditionAndReturnElement(WebElementSource.java:125)\n\tat com.codeborne.selenide.impl.WebElementSource.checkCondition(WebElementSource.java:102)\n\tat com.codeborne.selenide.commands.Should.execute(Should.java:30)\n\tat com.codeborne.selenide.commands.Should.execute(Should.java:14)\n\tat com.codeborne.selenide.commands.Commands.execute(Commands.java:162)\n\tat com.codeborne.selenide.impl.SelenideElementProxy.dispatchAndRetry(SelenideElementProxy.java:134)\n\tat com.codeborne.selenide.impl.SelenideElementProxy.invoke(SelenideElementProxy.java:86)\n\tat jdk.proxy2/jdk.proxy2.$Proxy11.shouldHave(Unknown Source)\n\tat pages.SearchResultsPage.verifyBrandFiltered(SearchResultsPage.java:80)\n\tat tests.RegressionTest.tc07_verifySearchFilters(RegressionTest.java:102)\n\tat java.base/jdk.internal.reflect.NativeMethodAccessorImpl.invoke0(Native Method)\n\tat java.base/jdk.internal.reflect.NativeMethodAccessorImpl.invoke(NativeMethodAccessorImpl.java:77)\n\tat java.base/jdk.internal.reflect.DelegatingMethodAccessorImpl.invoke(DelegatingMethodAccessorImpl.java:43)\n\tat java.base/java.lang.reflect.Method.invoke(Method.java:569)\n\tat org.testng.internal.invokers.MethodInvocationHelper.invokeMethod(MethodInvocationHelper.java:141)\n\tat org.testng.internal.invokers.TestInvoker.invokeMethod(TestInvoker.java:686)\n\tat org.testng.internal.invokers.TestInvoker.invokeTestMethod(TestInvoker.java:230)\n\tat org.testng.internal.invokers.MethodRunner.runInSequence(MethodRunner.java:63)\n\tat org.testng.internal.invokers.TestInvoker$MethodInvocationAgent.invoke(TestInvoker.java:992)\n\tat org.testng.internal.invokers.TestInvoker.invokeTestMethods(TestInvoker.java:203)\n\tat org.testng.internal.invokers.TestMethodWorker.invokeTestMethods(TestMethodWorker.java:154)\n\tat org.testng.internal.invokers.TestMethodWorker.run(TestMethodWorker.java:134)\n\tat java.base/java.util.ArrayList.forEach(ArrayList.java:1511)\n\tat org.testng.TestRunner.privateRun(TestRunner.java:739)\n\tat org.testng.TestRunner.run(TestRunner.java:614)\n\tat org.testng.SuiteRunner.runTest(SuiteRunner.java:421)\n\tat org.testng.SuiteRunner.runSequentially(SuiteRunner.java:413)\n\tat org.testng.SuiteRunner.privateRun(SuiteRunner.java:373)\n\tat org.testng.SuiteRunner.run(SuiteRunner.java:312)\n\tat org.testng.SuiteRunnerWorker.runSuite(SuiteRunnerWorker.java:52)\n\tat org.testng.SuiteRunnerWorker.run(SuiteRunnerWorker.java:95)\n\tat org.testng.TestNG.runSuitesSequentially(TestNG.java:1274)\n\tat org.testng.TestNG.runSuitesLocally(TestNG.java:1208)\n\tat org.testng.TestNG.runSuites(TestNG.java:1112)\n\tat org.testng.TestNG.run(TestNG.java:1079)\n\tat org.apache.maven.surefire.testng.TestNGExecutor.run(TestNGExecutor.java:308)\n\tat org.apache.maven.surefire.testng.TestNGXmlTestSuite.execute(TestNGXmlTestSuite.java:71)\n\tat org.apache.maven.surefire.testng.TestNGProvider.invoke(TestNGProvider.java:113)\n\tat org.apache.maven.surefire.booter.ForkedBooter.runSuitesInProcess(ForkedBooter.java:385)\n\tat org.apache.maven.surefire.booter.ForkedBooter.execute(ForkedBooter.java:162)\n\tat org.apache.maven.surefire.booter.ForkedBooter.run(ForkedBooter.java:507)\n\tat org.apache.maven.surefire.booter.ForkedBooter.main(ForkedBooter.java:495)\n","steps":[{"name":"$(\"open\") https://www.flipkart.com","time":{"start":1769483270345,"stop":1769483272432,"duration":2087},"status":"passed","steps":[{"name":"$(\"webdriver\") create()","time":{"start":1769483270345,"stop":1769483270621,"duration":276},"status":"passed","steps":[],"attachments":[],"parameters":[],"shouldDisplayMessage":false,"attachmentsCount":0,"stepsCount":0,"hasContent":false,"attachmentStep":false}],"attachments":[],"parameters":[],"shouldDisplayMessage":false,"attachmentsCount":0,"stepsCount":1,"hasContent":true,"attachmentStep":false},{"name":"$(\"By.xpath: //input[@name='q']\") set value(Laptop)","time":{"start":1769483272432,"stop":1769483273156,"duration":724},"status":"passed","steps":[],"attachments":[],"parameters":[],"shouldDisplayMessage":false,"attachmentsCount":0,"stepsCount":0,"hasContent":false,"attachmentStep":false},{"name":"$(\"By.xpath: //input[@name='q']\") press enter()","time":{"start":1769483273156,"stop":1769483274283,"duration":1127},"status":"passed","steps":[],"attachments":[],"parameters":[],"shouldDisplayMessage":false,"attachmentsCount":0,"stepsCount":0,"hasContent":false,"attachmentStep":false},{"name":"$(\"By.xpath: //div[text()='Brand']\") should be(visible)","time":{"start":1769483274283,"stop":1769483274530,"duration":247},"status":"passed","steps":[],"attachments":[],"parameters":[],"shouldDisplayMessage":false,"attachmentsCount":0,"stepsCount":0,"hasContent":false,"attachmentStep":false},{"name":"$(\"By.xpath: //div[text()='Brand']\") click()","time":{"start":1769483274530,"stop":1769483274604,"duration":74},"status":"passed","steps":[],"attachments":[],"parameters":[],"shouldDisplayMessage":false,"attachmentsCount":0,"stepsCount":0,"hasContent":false,"attachmentStep":false},{"name":"$(\"By.xpath: (//div[@class='GN2Hca rQQNAD'])[1]\") should be(visible)","time":{"start":1769483274605,"stop":1769483274629,"duration":24},"status":"passed","steps":[],"attachments":[],"parameters":[],"shouldDisplayMessage":false,"attachmentsCount":0,"stepsCount":0,"hasContent":false,"attachmentStep":false},{"name":"$(\"By.xpath: (//div[@class='GN2Hca rQQNAD'])[1]\") click()","time":{"start":1769483274629,"stop":1769483274704,"duration":75},"status":"passed","steps":[],"attachments":[],"parameters":[],"shouldDisplayMessage":false,"attachmentsCount":0,"stepsCount":0,"hasContent":false,"attachmentStep":false},{"name":"$(\"By.xpath: //div[text()='HP']/preceding-sibling::div\") should be([visible, 5 s.])","time":{"start":1769483274705,"stop":1769483274732,"duration":27},"status":"passed","steps":[],"attachments":[],"parameters":[],"shouldDisplayMessage":false,"attachmentsCount":0,"stepsCount":0,"hasContent":false,"attachmentStep":false},{"name":"$(\"By.xpath: //div[text()='HP']/preceding-sibling::div\") click()","time":{"start":1769483274732,"stop":1769483274829,"duration":97},"status":"passed","steps":[],"attachments":[],"parameters":[],"shouldDisplayMessage":false,"attachmentsCount":0,"stepsCount":0,"hasContent":false,"attachmentStep":false},{"name":"$(\"By.xpath: //div[@class='RG5Slk']\") should be(size > 0)","time":{"start":1769483277832,"stop":1769483277845,"duration":13},"status":"passed","steps":[],"attachments":[],"parameters":[],"shouldDisplayMessage":false,"attachmentsCount":0,"stepsCount":0,"hasContent":false,"attachmentStep":false},{"name":"$(\"By.xpath: //div[@class='RG5Slk'].snapshot(24 elements)[0]\") should have(text \"HP\")","time":{"start":1769483277853,"stop":1769483293412,"duration":15559},"status":"failed","statusMessage":"Element should have text \"HP\" {By.xpath: //div[@class='RG5Slk'].snapshot(24 elements)[0]}\nElement: '<div class=\"RG5Slk\">Lenovo LOQ Essential Intel Core i5 12th Gen 12450HX - (16 GB/512 GB SSD/Windows 11 Home/4 GB Graphics/...</div>'\nActual value: text=\"Lenovo LOQ Essential Intel Core i5 12th Gen 12450HX - (16 GB/512 GB SSD/Windows 11 Home/4 GB Graphics/...\"\nScreenshot: file:/home/runner/work/flipkart-regression/flipkart-regression/build/reports/tests/1769483293039.0.png\nPage source: file:/home/runner/work/flipkart-regression/flipkart-regression/build/reports/tests/1769483293039.0.html\nTimeout: 15 s.","statusTrace":"Element should have text \"HP\" {By.xpath: //div[@class='RG5Slk'].snapshot(24 elements)[0]}\nElement: '<div class=\"RG5Slk\">Lenovo LOQ Essential Intel Core i5 12th Gen 12450HX - (16 GB/512 GB SSD/Windows 11 Home/4 GB Graphics/...</div>'\nActual value: text=\"Lenovo LOQ Essential Intel Core i5 12th Gen 12450HX - (16 GB/512 GB SSD/Windows 11 Home/4 GB Graphics/...\"\nScreenshot: file:/home/runner/work/flipkart-regression/flipkart-regression/build/reports/tests/1769483293039.0.png\nPage source: file:/home/runner/work/flipkart-regression/flipkart-regression/build/reports/tests/1769483293039.0.html\nTimeout: 15 s.\n\tat com.codeborne.selenide.impl.WebElementSource.handleError(WebElementSource.java:147)\n\tat com.codeborne.selenide.impl.WebElementSource.checkConditionAndReturnElement(WebElementSource.java:125)\n\tat com.codeborne.selenide.impl.WebElementSource.checkCondition(WebElementSource.java:102)\n\tat com.codeborne.selenide.commands.Should.execute(Should.java:30)\n\tat com.codeborne.selenide.commands.Should.execute(Should.java:14)\n\tat com.codeborne.selenide.commands.Commands.execute(Commands.java:162)\n\tat com.codeborne.selenide.impl.SelenideElementProxy.dispatchAndRetry(SelenideElementProxy.java:134)\n\tat com.codeborne.selenide.impl.SelenideElementProxy.invoke(SelenideElementProxy.java:86)\n\tat jdk.proxy2/jdk.proxy2.$Proxy11.shouldHave(Unknown Source)\n\tat pages.SearchResultsPage.verifyBrandFiltered(SearchResultsPage.java:80)\n\tat tests.RegressionTest.tc07_verifySearchFilters(RegressionTest.java:102)\n\tat java.base/jdk.internal.reflect.NativeMethodAccessorImpl.invoke0(Native Method)\n\tat java.base/jdk.internal.reflect.NativeMethodAccessorImpl.invoke(NativeMethodAccessorImpl.java:77)\n\tat java.base/jdk.internal.reflect.DelegatingMethodAccessorImpl.invoke(DelegatingMethodAccessorImpl.java:43)\n\tat java.base/java.lang.reflect.Method.invoke(Method.java:569)\n\tat org.testng.internal.invokers.MethodInvocationHelper.invokeMethod(MethodInvocationHelper.java:141)\n\tat org.testng.internal.invokers.TestInvoker.invokeMethod(TestInvoker.java:686)\n\tat org.testng.internal.invokers.TestInvoker.invokeTestMethod(TestInvoker.java:230)\n\tat org.testng.internal.invokers.MethodRunner.runInSequence(MethodRunner.java:63)\n\tat org.testng.internal.invokers.TestInvoker$MethodInvocationAgent.invoke(TestInvoker.java:992)\n\tat org.testng.internal.invokers.TestInvoker.invokeTestMethods(TestInvoker.java:203)\n\tat org.testng.internal.invokers.TestMethodWorker.invokeTestMethods(TestMethodWorker.java:154)\n\tat org.testng.internal.invokers.TestMethodWorker.run(TestMethodWorker.java:134)\n\tat java.base/java.util.ArrayList.forEach(ArrayList.java:1511)\n\tat org.testng.TestRunner.privateRun(TestRunner.java:739)\n\tat org.testng.TestRunner.run(TestRunner.java:614)\n\tat org.testng.SuiteRunner.runTest(SuiteRunner.java:421)\n\tat org.testng.SuiteRunner.runSequentially(SuiteRunner.java:413)\n\tat org.testng.SuiteRunner.privateRun(SuiteRunner.java:373)\n\tat org.testng.SuiteRunner.run(SuiteRunner.java:312)\n\tat org.testng.SuiteRunnerWorker.runSuite(SuiteRunnerWorker.java:52)\n\tat org.testng.SuiteRunnerWorker.run(SuiteRunnerWorker.java:95)\n\tat org.testng.TestNG.runSuitesSequentially(TestNG.java:1274)\n\tat org.testng.TestNG.runSuitesLocally(TestNG.java:1208)\n\tat org.testng.TestNG.runSuites(TestNG.java:1112)\n\tat org.testng.TestNG.run(TestNG.java:1079)\n\tat org.apache.maven.surefire.testng.TestNGExecutor.run(TestNGExecutor.java:308)\n\tat org.apache.maven.surefire.testng.TestNGXmlTestSuite.execute(TestNGXmlTestSuite.java:71)\n\tat org.apache.maven.surefire.testng.TestNGProvider.invoke(TestNGProvider.java:113)\n\tat org.apache.maven.surefire.booter.ForkedBooter.runSuitesInProcess(ForkedBooter.java:385)\n\tat org.apache.maven.surefire.booter.ForkedBooter.execute(ForkedBooter.java:162)\n\tat org.apache.maven.surefire.booter.ForkedBooter.run(ForkedBooter.java:507)\n\tat org.apache.maven.surefire.booter.ForkedBooter.main(ForkedBooter.java:495)\n","steps":[],"attachments":[{"uid":"2ebada3007693ef1","name":"Screenshot","source":"2ebada3007693ef1.png","type":"image/png","size":344151},{"uid":"ef8d95b3c02223ce","name":"Page source","source":"ef8d95b3c02223ce.html","type":"text/html","size":290033}],"parameters":[],"shouldDisplayMessage":true,"attachmentsCount":2,"stepsCount":0,"hasContent":true,"attachmentStep":false}],"attachments":[],"parameters":[],"shouldDisplayMessage":false,"attachmentsCount":2,"stepsCount":12,"hasContent":true,"attachmentStep":false},"afterStages":[{"name":"tearDown","time":{"start":1769483293419,"stop":1769483293507,"duration":88},"description":"","status":"passed","steps":[{"name":"$(\"webdriver\") close()","time":{"start":1769483293419,"stop":1769483293507,"duration":88},"status":"passed","steps":[],"attachments":[],"parameters":[],"shouldDisplayMessage":false,"attachmentsCount":0,"stepsCount":0,"hasContent":false,"attachmentStep":false}],"attachments":[],"parameters":[],"shouldDisplayMessage":false,"attachmentsCount":0,"stepsCount":1,"hasContent":true,"attachmentStep":false}],"labels":[{"name":"package","value":"tests.RegressionTest"},{"name":"testClass","value":"tests.RegressionTest"},{"name":"testMethod","value":"tc07_verifySearchFilters"},{"name":"parentSuite","value":"Flipkart Regression Suite"},{"name":"suite","value":"Regression Tests"},{"name":"subSuite","value":"tests.RegressionTest"},{"name":"host","value":"runnervmymu0l"},{"name":"thread","value":"2521@runnervmymu0l.main(1)"},{"name":"framework","value":"testng"},{"name":"language","value":"java"},{"name":"resultFormat","value":"allure2"}],"parameters":[],"links":[],"hidden":false,"retry":false,"extra":{"severity":"normal","retries":[],"categories":[{"name":"Product defects","matchedStatuses":[],"flaky":false}],"history":{"statistic":{"failed":18,"broken":0,"skipped":0,"passed":19,"unknown":0,"total":37},"items":[{"uid":"b8ca5f952277ab82","reportUrl":"https://Dhiman07-create.github.io/flipkart-regression/PROD/testng/71//#testresult/b8ca5f952277ab82","status":"failed","statusDetails":"Invalid element state [By.xpath: //div[text()='HP']/preceding-sibling::div]: element click intercepted: Element <div class=\"ybaCDx\"></div> is not clickable at point (151, 399). Other element would receive the click: <div class=\"uA7KsO\">...</div>\nScreenshot: file:/home/runner/work/flipkart-regression/flipkart-regression/build/reports/tests/1769397467173.3.png\nPage source: file:/home/runner/work/flipkart-regression/flipkart-regression/build/reports/tests/1769397467173.3.html\nTimeout: 15 s.\nCaused by: ElementClickInterceptedException: element click intercepted: Element <div class=\"ybaCDx\"></div> is not clickable at point (151, 399). Other element would receive the click: <div class=\"uA7KsO\">...</div>","time":{"start":1769397447089,"stop":1769397467485,"duration":20396}},{"uid":"92621338fa3c64ae","reportUrl":"https://Dhiman07-create.github.io/flipkart-regression/PROD/testng/70//#testresult/92621338fa3c64ae","status":"failed","statusDetails":"Element not found {By.xpath: //div[text()='HP']/preceding-sibling::div}\nExpected: visible\nScreenshot: file:/home/runner/work/flipkart-regression/flipkart-regression/build/reports/tests/1769310896143.3.png\nPage source: file:/home/runner/work/flipkart-regression/flipkart-regression/build/reports/tests/1769310896143.3.html\nTimeout: 5 s.\nCaused by: NoSuchElementException: no such element: Unable to locate element: {\"method\":\"xpath\",\"selector\":\"//div[text()='HP']/preceding-sibling::div\"}","time":{"start":1769310885732,"stop":1769310896439,"duration":10707}},{"uid":"1685baf8ef11365b","reportUrl":"https://Dhiman07-create.github.io/flipkart-regression/PROD/testng/65//#testresult/1685baf8ef11365b","status":"failed","statusDetails":"Invalid element state [By.xpath: //div[text()='HP']/preceding-sibling::div]: element click intercepted: Element <div class=\"ybaCDx\"></div> is not clickable at point (151, 399). Other element would receive the click: <div class=\"uA7KsO\">...</div>\nScreenshot: file:/home/runner/work/flipkart-regression/flipkart-regression/build/reports/tests/1769270542632.3.png\nPage source: file:/home/runner/work/flipkart-regression/flipkart-regression/build/reports/tests/1769270542632.3.html\nTimeout: 15 s.\nCaused by: ElementClickInterceptedException: element click intercepted: Element <div class=\"ybaCDx\"></div> is not clickable at point (151, 399). Other element would receive the click: <div class=\"uA7KsO\">...</div>","time":{"start":1769270522355,"stop":1769270542927,"duration":20572}},{"uid":"2cb9b8cc458007e6","reportUrl":"https://Dhiman07-create.github.io/flipkart-regression/PROD/testng/69//#testresult/2cb9b8cc458007e6","status":"failed","statusDetails":"Element not found {By.xpath: //div[text()='HP']/preceding-sibling::div}\nExpected: visible\nScreenshot: file:/home/runner/work/flipkart-regression/flipkart-regression/build/reports/tests/1769223516285.4.png\nPage source: file:/home/runner/work/flipkart-regression/flipkart-regression/build/reports/tests/1769223516285.4.html\nTimeout: 5 s.\nCaused by: NoSuchElementException: no such element: Unable to locate element: {\"method\":\"xpath\",\"selector\":\"//div[text()='HP']/preceding-sibling::div\"}","time":{"start":1769223506496,"stop":1769223516713,"duration":10217}},{"uid":"7c5c94bfd1dbba3f","reportUrl":"https://Dhiman07-create.github.io/flipkart-regression/PROD/testng/68//#testresult/7c5c94bfd1dbba3f","status":"failed","statusDetails":"Invalid element state [By.xpath: //div[text()='HP']/preceding-sibling::div]: element click intercepted: Element <div class=\"ybaCDx\"></div> is not clickable at point (151, 399). Other element would receive the click: <div class=\"uA7KsO\">...</div>\nScreenshot: file:/home/runner/work/flipkart-regression/flipkart-regression/build/reports/tests/1769137401435.0.png\nPage source: file:/home/runner/work/flipkart-regression/flipkart-regression/build/reports/tests/1769137401435.0.html\nTimeout: 15 s.\nCaused by: ElementClickInterceptedException: element click intercepted: Element <div class=\"ybaCDx\"></div> is not clickable at point (151, 399). Other element would receive the click: <div class=\"uA7KsO\">...</div>","time":{"start":1769137381055,"stop":1769137402040,"duration":20985}},{"uid":"7eda8d850a3206fc","reportUrl":"https://Dhiman07-create.github.io/flipkart-regression/PROD/testng/67//#testresult/7eda8d850a3206fc","status":"failed","statusDetails":"Invalid element state [By.xpath: //div[text()='HP']/preceding-sibling::div]: element click intercepted: Element <div class=\"ybaCDx\"></div> is not clickable at point (151, 399). Other element would receive the click: <div class=\"uA7KsO\">...</div>\nScreenshot: file:/home/runner/work/flipkart-regression/flipkart-regression/build/reports/tests/1769051331264.3.png\nPage source: file:/home/runner/work/flipkart-regression/flipkart-regression/build/reports/tests/1769051331264.3.html\nTimeout: 15 s.\nCaused by: ElementClickInterceptedException: element click intercepted: Element <div class=\"ybaCDx\"></div> is not clickable at point (151, 399). Other element would receive the click: <div class=\"uA7KsO\">...</div>","time":{"start":1769051310871,"stop":1769051331767,"duration":20896}},{"uid":"a92624f8361ce7d0","reportUrl":"https://Dhiman07-create.github.io/flipkart-regression/PROD/testng/66//#testresult/a92624f8361ce7d0","status":"failed","statusDetails":"Element not found {By.xpath: //div[text()='HP']/preceding-sibling::div}\nExpected: visible\nScreenshot: file:/home/runner/work/flipkart-regression/flipkart-regression/build/reports/tests/1768964618834.3.png\nPage source: file:/home/runner/work/flipkart-regression/flipkart-regression/build/reports/tests/1768964618834.3.html\nTimeout: 5 s.\nCaused by: NoSuchElementException: no such element: Unable to locate element: {\"method\":\"xpath\",\"selector\":\"//div[text()='HP']/preceding-sibling::div\"}","time":{"start":1768964608636,"stop":1768964619139,"duration":10503}},{"uid":"3bd99f1dd43691fb","reportUrl":"https://Dhiman07-create.github.io/flipkart-regression/PROD/testng/65//#testresult/3bd99f1dd43691fb","status":"failed","statusDetails":"Invalid element state [By.xpath: //div[text()='HP']/preceding-sibling::div]: element click intercepted: Element <div class=\"ybaCDx\"></div> is not clickable at point (151, 399). Other element would receive the click: <div class=\"uA7KsO\">...</div>\nScreenshot: file:/home/runner/work/flipkart-regression/flipkart-regression/build/reports/tests/1768878302530.3.png\nPage source: file:/home/runner/work/flipkart-regression/flipkart-regression/build/reports/tests/1768878302530.3.html\nTimeout: 15 s.\nCaused by: ElementClickInterceptedException: element click intercepted: Element <div class=\"ybaCDx\"></div> is not clickable at point (151, 399). Other element would receive the click: <div class=\"uA7KsO\">...</div>","time":{"start":1768878282371,"stop":1768878303024,"duration":20653}},{"uid":"303e99b642315d79","reportUrl":"https://Dhiman07-create.github.io/flipkart-regression/PROD/testng/64//#testresult/303e99b642315d79","status":"failed","statusDetails":"Invalid element state [By.xpath: //div[text()='HP']/preceding-sibling::div]: element click intercepted: Element <div class=\"ybaCDx\"></div> is not clickable at point (151, 399). Other element would receive the click: <div class=\"uA7KsO\">...</div>\nScreenshot: file:/home/runner/work/flipkart-regression/flipkart-regression/build/reports/tests/1768792222491.3.png\nPage source: file:/home/runner/work/flipkart-regression/flipkart-regression/build/reports/tests/1768792222491.3.html\nTimeout: 15 s.\nCaused by: ElementClickInterceptedException: element click intercepted: Element <div class=\"ybaCDx\"></div> is not clickable at point (151, 399). Other element would receive the click: <div class=\"uA7KsO\">...</div>","time":{"start":1768792201978,"stop":1768792223006,"duration":21028}},{"uid":"c3b97136e62bba86","reportUrl":"https://Dhiman07-create.github.io/flipkart-regression/PROD/testng/63//#testresult/c3b97136e62bba86","status":"failed","statusDetails":"Invalid element state [By.xpath: //div[text()='HP']/preceding-sibling::div]: element click intercepted: Element <div class=\"ybaCDx\"></div> is not clickable at point (151, 399). Other element would receive the click: <div class=\"uA7KsO\">...</div>\nScreenshot: file:/home/runner/work/flipkart-regression/flipkart-regression/build/reports/tests/1768705784098.3.png\nPage source: file:/home/runner/work/flipkart-regression/flipkart-regression/build/reports/tests/1768705784098.3.html\nTimeout: 15 s.\nCaused by: ElementClickInterceptedException: element click intercepted: Element <div class=\"ybaCDx\"></div> is not clickable at point (151, 399). Other element would receive the click: <div class=\"uA7KsO\">...</div>","time":{"start":1768705764139,"stop":1768705784599,"duration":20460}},{"uid":"b9635c09fba2a1ce","reportUrl":"https://Dhiman07-create.github.io/flipkart-regression/PROD/testng/62//#testresult/b9635c09fba2a1ce","status":"failed","statusDetails":"Invalid element state [By.xpath: //div[text()='HP']/preceding-sibling::div]: element click intercepted: Element <div class=\"ybaCDx\"></div> is not clickable at point (151, 399). Other element would receive the click: <div class=\"uA7KsO\">...</div>\nScreenshot: file:/home/runner/work/flipkart-regression/flipkart-regression/build/reports/tests/1768618502738.4.png\nPage source: file:/home/runner/work/flipkart-regression/flipkart-regression/build/reports/tests/1768618502738.4.html\nTimeout: 15 s.\nCaused by: ElementClickInterceptedException: element click intercepted: Element <div class=\"ybaCDx\"></div> is not clickable at point (151, 399). Other element would receive the click: <div class=\"uA7KsO\">...</div>","time":{"start":1768618483365,"stop":1768618503265,"duration":19900}},{"uid":"96b9e666dd084760","reportUrl":"https://Dhiman07-create.github.io/flipkart-regression/PROD/testng/61//#testresult/96b9e666dd084760","status":"failed","statusDetails":"Element not found {By.xpath: //div[text()='HP']/preceding-sibling::div}\nExpected: visible\nScreenshot: file:/home/runner/work/flipkart-regression/flipkart-regression/build/reports/tests/1768532496255.0.png\nPage source: file:/home/runner/work/flipkart-regression/flipkart-regression/build/reports/tests/1768532496255.0.html\nTimeout: 5 s.\nCaused by: NoSuchElementException: no such element: Unable to locate element: {\"method\":\"xpath\",\"selector\":\"//div[text()='HP']/preceding-sibling::div\"}","time":{"start":1768532486126,"stop":1768532496640,"duration":10514}},{"uid":"89839da28347d207","reportUrl":"https://Dhiman07-create.github.io/flipkart-regression/PROD/testng/60//#testresult/89839da28347d207","status":"failed","statusDetails":"Invalid element state [By.xpath: //div[text()='HP']/preceding-sibling::div]: element click intercepted: Element <div class=\"ybaCDx\"></div> is not clickable at point (151, 399). Other element would receive the click: <div class=\"uA7KsO\">...</div>\nScreenshot: file:/home/runner/work/flipkart-regression/flipkart-regression/build/reports/tests/1768446100143.1.png\nPage source: file:/home/runner/work/flipkart-regression/flipkart-regression/build/reports/tests/1768446100143.1.html\nTimeout: 15 s.\nCaused by: ElementClickInterceptedException: element click intercepted: Element <div class=\"ybaCDx\"></div> is not clickable at point (151, 399). Other element would receive the click: <div class=\"uA7KsO\">...</div>","time":{"start":1768446080046,"stop":1768446100656,"duration":20610}},{"uid":"9c662ed2d5f587b7","reportUrl":"https://Dhiman07-create.github.io/flipkart-regression/PROD/testng/59//#testresult/9c662ed2d5f587b7","status":"failed","statusDetails":"Invalid element state [By.xpath: //div[text()='HP']/preceding-sibling::div]: element click intercepted: Element <div class=\"ybaCDx\"></div> is not clickable at point (151, 399). Other element would receive the click: <div class=\"uA7KsO\">...</div>\nScreenshot: file:/home/runner/work/flipkart-regression/flipkart-regression/build/reports/tests/1768360011613.0.png\nPage source: file:/home/runner/work/flipkart-regression/flipkart-regression/build/reports/tests/1768360011613.0.html\nTimeout: 15 s.\nCaused by: ElementClickInterceptedException: element click intercepted: Element <div class=\"ybaCDx\"></div> is not clickable at point (151, 399). Other element would receive the click: <div class=\"uA7KsO\">...</div>","time":{"start":1768359991528,"stop":1768360012189,"duration":20661}},{"uid":"ccbf18dacc1c5336","reportUrl":"https://Dhiman07-create.github.io/flipkart-regression/PROD/testng/58//#testresult/ccbf18dacc1c5336","status":"failed","statusDetails":"Element not found {By.xpath: //div[text()='HP']/preceding-sibling::div}\nExpected: visible\nScreenshot: file:/home/runner/work/flipkart-regression/flipkart-regression/build/reports/tests/1768273145965.0.png\nPage source: file:/home/runner/work/flipkart-regression/flipkart-regression/build/reports/tests/1768273145965.0.html\nTimeout: 5 s.\nCaused by: NoSuchElementException: no such element: Unable to locate element: {\"method\":\"xpath\",\"selector\":\"//div[text()='HP']/preceding-sibling::div\"}","time":{"start":1768273136109,"stop":1768273146440,"duration":10331}},{"uid":"69085ff4c171639e","reportUrl":"https://Dhiman07-create.github.io/flipkart-regression/PROD/testng/57//#testresult/69085ff4c171639e","status":"passed","time":{"start":1768187324911,"stop":1768187337465,"duration":12554}},{"uid":"1f3c27a8d11d80f","reportUrl":"https://Dhiman07-create.github.io/flipkart-regression/PROD/testng/56//#testresult/1f3c27a8d11d80f","status":"passed","time":{"start":1768101008181,"stop":1768101020541,"duration":12360}},{"uid":"5c76bfbd05fda70d","reportUrl":"https://Dhiman07-create.github.io/flipkart-regression/PROD/testng/55//#testresult/5c76bfbd05fda70d","status":"failed","statusDetails":"Element not found {By.xpath: //div[text()='Brand']}\nExpected: visible\nScreenshot: file:/home/runner/work/flipkart-regression/flipkart-regression/build/reports/tests/1768013670810.0.png\nPage source: file:/home/runner/work/flipkart-regression/flipkart-regression/build/reports/tests/1768013670810.0.html\nTimeout: 15 s.\nCaused by: NoSuchElementException: no such element: Unable to locate element: {\"method\":\"xpath\",\"selector\":\"//div[text()='Brand']\"}","time":{"start":1768013652332,"stop":1768013671622,"duration":19290}},{"uid":"e2bb8fd12c36fde6","reportUrl":"https://Dhiman07-create.github.io/flipkart-regression/PROD/testng/54//#testresult/e2bb8fd12c36fde6","status":"passed","time":{"start":1767927657237,"stop":1767927669854,"duration":12617}},{"uid":"793dd84806762ad4","reportUrl":"https://Dhiman07-create.github.io/flipkart-regression/PROD/testng/53//#testresult/793dd84806762ad4","status":"passed","time":{"start":1767841173446,"stop":1767841186369,"duration":12923}}]},"tags":[]},"source":"71653cab2044db9c.json","parameterValues":[]}