{"uid":"df17cf2f105bc7fe","name":"tc02_validLogin","fullName":"tests.RegressionTest.tc02_validLogin","historyId":"d5e192a6c53ad2eec654646ed7e15189","time":{"start":1765704405699,"stop":1765704418701,"duration":13002},"status":"failed","statusMessage":"Invalid element state [By.xpath: //span[text()='Login']]: element click intercepted: Element <span class=\"\">...</span> is not clickable at point (1281, 33). Other element would receive the click: <div class=\"fbDBuK _3CYmv5\" tabindex=\"-1\">...</div>\nScreenshot: file:/home/runner/work/flipkart-regression/flipkart-regression/build/reports/tests/1765704418317.0.png\nPage source: file:/home/runner/work/flipkart-regression/flipkart-regression/build/reports/tests/1765704418317.0.html\nTimeout: 10 s.\nCaused by: ElementClickInterceptedException: element click intercepted: Element <span class=\"\">...</span> is not clickable at point (1281, 33). Other element would receive the click: <div class=\"fbDBuK _3CYmv5\" tabindex=\"-1\">...</div>","statusTrace":"Invalid element state [By.xpath: //span[text()='Login']]: element click intercepted: Element <span class=\"\">...</span> is not clickable at point (1281, 33). Other element would receive the click: <div class=\"fbDBuK _3CYmv5\" tabindex=\"-1\">...</div>\nScreenshot: file:/home/runner/work/flipkart-regression/flipkart-regression/build/reports/tests/1765704418317.0.png\nPage source: file:/home/runner/work/flipkart-regression/flipkart-regression/build/reports/tests/1765704418317.0.html\nTimeout: 10 s.\nCaused by: ElementClickInterceptedException: element click intercepted: Element <span class=\"\">...</span> is not clickable at point (1281, 33). Other element would receive the click: <div class=\"fbDBuK _3CYmv5\" tabindex=\"-1\">...</div>\n\tat com.codeborne.selenide.impl.ExceptionWrapper.wrap(ExceptionWrapper.java:26)\n\tat com.codeborne.selenide.impl.SelenideElementProxy.dispatchAndRetry(SelenideElementProxy.java:156)\n\tat com.codeborne.selenide.impl.SelenideElementProxy.invoke(SelenideElementProxy.java:86)\n\tat jdk.proxy2/jdk.proxy2.$Proxy11.click(Unknown Source)\n\tat pages.HomePage.clickOnLogin(HomePage.java:27)\n\tat tests.RegressionTest.tc02_validLogin(RegressionTest.java:34)\n\tat java.base/jdk.internal.reflect.NativeMethodAccessorImpl.invoke0(Native Method)\n\tat java.base/jdk.internal.reflect.NativeMethodAccessorImpl.invoke(NativeMethodAccessorImpl.java:77)\n\tat java.base/jdk.internal.reflect.DelegatingMethodAccessorImpl.invoke(DelegatingMethodAccessorImpl.java:43)\n\tat java.base/java.lang.reflect.Method.invoke(Method.java:569)\n\tat org.testng.internal.invokers.MethodInvocationHelper.invokeMethod(MethodInvocationHelper.java:141)\n\tat org.testng.internal.invokers.TestInvoker.invokeMethod(TestInvoker.java:686)\n\tat org.testng.internal.invokers.TestInvoker.invokeTestMethod(TestInvoker.java:230)\n\tat org.testng.internal.invokers.MethodRunner.runInSequence(MethodRunner.java:63)\n\tat org.testng.internal.invokers.TestInvoker$MethodInvocationAgent.invoke(TestInvoker.java:992)\n\tat org.testng.internal.invokers.TestInvoker.invokeTestMethods(TestInvoker.java:203)\n\tat org.testng.internal.invokers.TestMethodWorker.invokeTestMethods(TestMethodWorker.java:154)\n\tat org.testng.internal.invokers.TestMethodWorker.run(TestMethodWorker.java:134)\n\tat java.base/java.util.ArrayList.forEach(ArrayList.java:1511)\n\tat org.testng.TestRunner.privateRun(TestRunner.java:739)\n\tat org.testng.TestRunner.run(TestRunner.java:614)\n\tat org.testng.SuiteRunner.runTest(SuiteRunner.java:421)\n\tat org.testng.SuiteRunner.runSequentially(SuiteRunner.java:413)\n\tat org.testng.SuiteRunner.privateRun(SuiteRunner.java:373)\n\tat org.testng.SuiteRunner.run(SuiteRunner.java:312)\n\tat org.testng.SuiteRunnerWorker.runSuite(SuiteRunnerWorker.java:52)\n\tat org.testng.SuiteRunnerWorker.run(SuiteRunnerWorker.java:95)\n\tat org.testng.TestNG.runSuitesSequentially(TestNG.java:1274)\n\tat org.testng.TestNG.runSuitesLocally(TestNG.java:1208)\n\tat org.testng.TestNG.runSuites(TestNG.java:1112)\n\tat org.testng.TestNG.run(TestNG.java:1079)\n\tat org.apache.maven.surefire.testng.TestNGExecutor.run(TestNGExecutor.java:308)\n\tat org.apache.maven.surefire.testng.TestNGXmlTestSuite.execute(TestNGXmlTestSuite.java:71)\n\tat org.apache.maven.surefire.testng.TestNGProvider.invoke(TestNGProvider.java:113)\n\tat org.apache.maven.surefire.booter.ForkedBooter.runSuitesInProcess(ForkedBooter.java:385)\n\tat org.apache.maven.surefire.booter.ForkedBooter.execute(ForkedBooter.java:162)\n\tat org.apache.maven.surefire.booter.ForkedBooter.run(ForkedBooter.java:507)\n\tat org.apache.maven.surefire.booter.ForkedBooter.main(ForkedBooter.java:495)\nCaused by: org.openqa.selenium.ElementClickInterceptedException: element click intercepted: Element <span class=\"\">...</span> is not clickable at point (1281, 33). Other element would receive the click: <div class=\"fbDBuK _3CYmv5\" tabindex=\"-1\">...</div>\n  (Session info: chrome=143.0.7499.40)\nBuild info: version: '4.19.1', revision: 'abe0ee07dc'\nSystem info: os.name: 'Linux', os.arch: 'amd64', os.version: '6.11.0-1018-azure', java.version: '17.0.17'\nDriver info: org.openqa.selenium.chrome.ChromeDriver\nCommand: [985506d1e7b75ff0dfe246ab297cd3bc, clickElement {id=f.786D716D15FB8F8662BEF1FCC8D64569.d.7264C53FA6AC6D19BB43C3506EB25B2A.e.380}]\nCapabilities {acceptInsecureCerts: true, browserName: chrome, browserVersion: 143.0.7499.40, chrome: {chromedriverVersion: 143.0.7499.40 (c23ff452476d..., userDataDir: /tmp/.org.chromium.Chromium...}, fedcm:accounts: true, goog:chromeOptions: {debuggerAddress: localhost:37803}, goog:processID: 2564, networkConnectionEnabled: false, pageLoadStrategy: normal, platformName: linux, proxy: Proxy(), se:cdp: ws://localhost:37803/devtoo..., se:cdpVersion: 143.0.7499.40, setWindowRect: true, strictFileInteractability: false, timeouts: {implicit: 0, pageLoad: 300000, script: 30000}, unhandledPromptBehavior: accept, webauthn:extension:credBlob: true, webauthn:extension:largeBlob: true, webauthn:extension:minPinLength: true, webauthn:extension:prf: true, webauthn:virtualAuthenticators: true}\nElement: [[ChromeDriver: chrome on linux (985506d1e7b75ff0dfe246ab297cd3bc)] -> xpath: //span[text()='Login']]\nSession ID: 985506d1e7b75ff0dfe246ab297cd3bc\n\tat java.base/jdk.internal.reflect.NativeConstructorAccessorImpl.newInstance0(Native Method)\n\tat java.base/jdk.internal.reflect.NativeConstructorAccessorImpl.newInstance(NativeConstructorAccessorImpl.java:77)\n\tat java.base/jdk.internal.reflect.DelegatingConstructorAccessorImpl.newInstance(DelegatingConstructorAccessorImpl.java:45)\n\tat java.base/java.lang.reflect.Constructor.newInstanceWithCaller(Constructor.java:500)\n\tat java.base/java.lang.reflect.Constructor.newInstance(Constructor.java:481)\n\tat org.openqa.selenium.remote.ErrorCodec.decode(ErrorCodec.java:167)\n\tat org.openqa.selenium.remote.codec.w3c.W3CHttpResponseCodec.decode(W3CHttpResponseCodec.java:138)\n\tat org.openqa.selenium.remote.codec.w3c.W3CHttpResponseCodec.decode(W3CHttpResponseCodec.java:50)\n\tat org.openqa.selenium.remote.HttpCommandExecutor.execute(HttpCommandExecutor.java:190)\n\tat org.openqa.selenium.remote.service.DriverCommandExecutor.invokeExecute(DriverCommandExecutor.java:216)\n\tat org.openqa.selenium.remote.service.DriverCommandExecutor.execute(DriverCommandExecutor.java:174)\n\tat org.openqa.selenium.remote.RemoteWebDriver.execute(RemoteWebDriver.java:518)\n\tat org.openqa.selenium.remote.RemoteWebElement.execute(RemoteWebElement.java:223)\n\tat org.openqa.selenium.remote.RemoteWebElement.click(RemoteWebElement.java:76)\n\tat com.codeborne.selenide.commands.Click.defaultClick(Click.java:106)\n\tat com.codeborne.selenide.commands.Click.doClick(Click.java:83)\n\tat com.codeborne.selenide.commands.Click.click(Click.java:59)\n\tat com.codeborne.selenide.commands.Click.execute(Click.java:34)\n\tat com.codeborne.selenide.commands.Click.execute(Click.java:26)\n\tat com.codeborne.selenide.commands.Commands.execute(Commands.java:162)\n\tat com.codeborne.selenide.impl.SelenideElementProxy.dispatchAndRetry(SelenideElementProxy.java:134)\n\t... 36 more\n","flaky":false,"newFailed":false,"newBroken":false,"newPassed":false,"retriesCount":0,"retriesStatusChange":false,"beforeStages":[{"name":"setUp","time":{"start":1765704405697,"stop":1765704405697,"duration":0},"description":"","status":"passed","steps":[],"attachments":[],"parameters":[],"shouldDisplayMessage":false,"attachmentsCount":0,"stepsCount":0,"hasContent":false,"attachmentStep":false}],"testStage":{"status":"failed","statusMessage":"Invalid element state [By.xpath: //span[text()='Login']]: element click intercepted: Element <span class=\"\">...</span> is not clickable at point (1281, 33). Other element would receive the click: <div class=\"fbDBuK _3CYmv5\" tabindex=\"-1\">...</div>\nScreenshot: file:/home/runner/work/flipkart-regression/flipkart-regression/build/reports/tests/1765704418317.0.png\nPage source: file:/home/runner/work/flipkart-regression/flipkart-regression/build/reports/tests/1765704418317.0.html\nTimeout: 10 s.\nCaused by: ElementClickInterceptedException: element click intercepted: Element <span class=\"\">...</span> is not clickable at point (1281, 33). Other element would receive the click: <div class=\"fbDBuK _3CYmv5\" tabindex=\"-1\">...</div>","statusTrace":"Invalid element state [By.xpath: //span[text()='Login']]: element click intercepted: Element <span class=\"\">...</span> is not clickable at point (1281, 33). Other element would receive the click: <div class=\"fbDBuK _3CYmv5\" tabindex=\"-1\">...</div>\nScreenshot: file:/home/runner/work/flipkart-regression/flipkart-regression/build/reports/tests/1765704418317.0.png\nPage source: file:/home/runner/work/flipkart-regression/flipkart-regression/build/reports/tests/1765704418317.0.html\nTimeout: 10 s.\nCaused by: ElementClickInterceptedException: element click intercepted: Element <span class=\"\">...</span> is not clickable at point (1281, 33). Other element would receive the click: <div class=\"fbDBuK _3CYmv5\" tabindex=\"-1\">...</div>\n\tat com.codeborne.selenide.impl.ExceptionWrapper.wrap(ExceptionWrapper.java:26)\n\tat com.codeborne.selenide.impl.SelenideElementProxy.dispatchAndRetry(SelenideElementProxy.java:156)\n\tat com.codeborne.selenide.impl.SelenideElementProxy.invoke(SelenideElementProxy.java:86)\n\tat jdk.proxy2/jdk.proxy2.$Proxy11.click(Unknown Source)\n\tat pages.HomePage.clickOnLogin(HomePage.java:27)\n\tat tests.RegressionTest.tc02_validLogin(RegressionTest.java:34)\n\tat java.base/jdk.internal.reflect.NativeMethodAccessorImpl.invoke0(Native Method)\n\tat java.base/jdk.internal.reflect.NativeMethodAccessorImpl.invoke(NativeMethodAccessorImpl.java:77)\n\tat java.base/jdk.internal.reflect.DelegatingMethodAccessorImpl.invoke(DelegatingMethodAccessorImpl.java:43)\n\tat java.base/java.lang.reflect.Method.invoke(Method.java:569)\n\tat org.testng.internal.invokers.MethodInvocationHelper.invokeMethod(MethodInvocationHelper.java:141)\n\tat org.testng.internal.invokers.TestInvoker.invokeMethod(TestInvoker.java:686)\n\tat org.testng.internal.invokers.TestInvoker.invokeTestMethod(TestInvoker.java:230)\n\tat org.testng.internal.invokers.MethodRunner.runInSequence(MethodRunner.java:63)\n\tat org.testng.internal.invokers.TestInvoker$MethodInvocationAgent.invoke(TestInvoker.java:992)\n\tat org.testng.internal.invokers.TestInvoker.invokeTestMethods(TestInvoker.java:203)\n\tat org.testng.internal.invokers.TestMethodWorker.invokeTestMethods(TestMethodWorker.java:154)\n\tat org.testng.internal.invokers.TestMethodWorker.run(TestMethodWorker.java:134)\n\tat java.base/java.util.ArrayList.forEach(ArrayList.java:1511)\n\tat org.testng.TestRunner.privateRun(TestRunner.java:739)\n\tat org.testng.TestRunner.run(TestRunner.java:614)\n\tat org.testng.SuiteRunner.runTest(SuiteRunner.java:421)\n\tat org.testng.SuiteRunner.runSequentially(SuiteRunner.java:413)\n\tat org.testng.SuiteRunner.privateRun(SuiteRunner.java:373)\n\tat org.testng.SuiteRunner.run(SuiteRunner.java:312)\n\tat org.testng.SuiteRunnerWorker.runSuite(SuiteRunnerWorker.java:52)\n\tat org.testng.SuiteRunnerWorker.run(SuiteRunnerWorker.java:95)\n\tat org.testng.TestNG.runSuitesSequentially(TestNG.java:1274)\n\tat org.testng.TestNG.runSuitesLocally(TestNG.java:1208)\n\tat org.testng.TestNG.runSuites(TestNG.java:1112)\n\tat org.testng.TestNG.run(TestNG.java:1079)\n\tat org.apache.maven.surefire.testng.TestNGExecutor.run(TestNGExecutor.java:308)\n\tat org.apache.maven.surefire.testng.TestNGXmlTestSuite.execute(TestNGXmlTestSuite.java:71)\n\tat org.apache.maven.surefire.testng.TestNGProvider.invoke(TestNGProvider.java:113)\n\tat org.apache.maven.surefire.booter.ForkedBooter.runSuitesInProcess(ForkedBooter.java:385)\n\tat org.apache.maven.surefire.booter.ForkedBooter.execute(ForkedBooter.java:162)\n\tat org.apache.maven.surefire.booter.ForkedBooter.run(ForkedBooter.java:507)\n\tat org.apache.maven.surefire.booter.ForkedBooter.main(ForkedBooter.java:495)\nCaused by: org.openqa.selenium.ElementClickInterceptedException: element click intercepted: Element <span class=\"\">...</span> is not clickable at point (1281, 33). Other element would receive the click: <div class=\"fbDBuK _3CYmv5\" tabindex=\"-1\">...</div>\n  (Session info: chrome=143.0.7499.40)\nBuild info: version: '4.19.1', revision: 'abe0ee07dc'\nSystem info: os.name: 'Linux', os.arch: 'amd64', os.version: '6.11.0-1018-azure', java.version: '17.0.17'\nDriver info: org.openqa.selenium.chrome.ChromeDriver\nCommand: [985506d1e7b75ff0dfe246ab297cd3bc, clickElement {id=f.786D716D15FB8F8662BEF1FCC8D64569.d.7264C53FA6AC6D19BB43C3506EB25B2A.e.380}]\nCapabilities {acceptInsecureCerts: true, browserName: chrome, browserVersion: 143.0.7499.40, chrome: {chromedriverVersion: 143.0.7499.40 (c23ff452476d..., userDataDir: /tmp/.org.chromium.Chromium...}, fedcm:accounts: true, goog:chromeOptions: {debuggerAddress: localhost:37803}, goog:processID: 2564, networkConnectionEnabled: false, pageLoadStrategy: normal, platformName: linux, proxy: Proxy(), se:cdp: ws://localhost:37803/devtoo..., se:cdpVersion: 143.0.7499.40, setWindowRect: true, strictFileInteractability: false, timeouts: {implicit: 0, pageLoad: 300000, script: 30000}, unhandledPromptBehavior: accept, webauthn:extension:credBlob: true, webauthn:extension:largeBlob: true, webauthn:extension:minPinLength: true, webauthn:extension:prf: true, webauthn:virtualAuthenticators: true}\nElement: [[ChromeDriver: chrome on linux (985506d1e7b75ff0dfe246ab297cd3bc)] -> xpath: //span[text()='Login']]\nSession ID: 985506d1e7b75ff0dfe246ab297cd3bc\n\tat java.base/jdk.internal.reflect.NativeConstructorAccessorImpl.newInstance0(Native Method)\n\tat java.base/jdk.internal.reflect.NativeConstructorAccessorImpl.newInstance(NativeConstructorAccessorImpl.java:77)\n\tat java.base/jdk.internal.reflect.DelegatingConstructorAccessorImpl.newInstance(DelegatingConstructorAccessorImpl.java:45)\n\tat java.base/java.lang.reflect.Constructor.newInstanceWithCaller(Constructor.java:500)\n\tat java.base/java.lang.reflect.Constructor.newInstance(Constructor.java:481)\n\tat org.openqa.selenium.remote.ErrorCodec.decode(ErrorCodec.java:167)\n\tat org.openqa.selenium.remote.codec.w3c.W3CHttpResponseCodec.decode(W3CHttpResponseCodec.java:138)\n\tat org.openqa.selenium.remote.codec.w3c.W3CHttpResponseCodec.decode(W3CHttpResponseCodec.java:50)\n\tat org.openqa.selenium.remote.HttpCommandExecutor.execute(HttpCommandExecutor.java:190)\n\tat org.openqa.selenium.remote.service.DriverCommandExecutor.invokeExecute(DriverCommandExecutor.java:216)\n\tat org.openqa.selenium.remote.service.DriverCommandExecutor.execute(DriverCommandExecutor.java:174)\n\tat org.openqa.selenium.remote.RemoteWebDriver.execute(RemoteWebDriver.java:518)\n\tat org.openqa.selenium.remote.RemoteWebElement.execute(RemoteWebElement.java:223)\n\tat org.openqa.selenium.remote.RemoteWebElement.click(RemoteWebElement.java:76)\n\tat com.codeborne.selenide.commands.Click.defaultClick(Click.java:106)\n\tat com.codeborne.selenide.commands.Click.doClick(Click.java:83)\n\tat com.codeborne.selenide.commands.Click.click(Click.java:59)\n\tat com.codeborne.selenide.commands.Click.execute(Click.java:34)\n\tat com.codeborne.selenide.commands.Click.execute(Click.java:26)\n\tat com.codeborne.selenide.commands.Commands.execute(Commands.java:162)\n\tat com.codeborne.selenide.impl.SelenideElementProxy.dispatchAndRetry(SelenideElementProxy.java:134)\n\t... 36 more\n","steps":[{"name":"STEP ONE","time":{"start":1765704407964,"stop":1765704407965,"duration":1},"status":"passed","steps":[],"attachments":[],"parameters":[],"shouldDisplayMessage":false,"attachmentsCount":0,"stepsCount":0,"hasContent":false,"attachmentStep":false},{"name":"STEP TWO","time":{"start":1765704407965,"stop":1765704407965,"duration":0},"status":"passed","steps":[],"attachments":[],"parameters":[],"shouldDisplayMessage":false,"attachmentsCount":0,"stepsCount":0,"hasContent":false,"attachmentStep":false}],"attachments":[],"parameters":[],"shouldDisplayMessage":true,"attachmentsCount":0,"stepsCount":2,"hasContent":true,"attachmentStep":false},"afterStages":[{"name":"tearDown","time":{"start":1765704418715,"stop":1765704418715,"duration":0},"description":"","status":"passed","steps":[],"attachments":[],"parameters":[],"shouldDisplayMessage":false,"attachmentsCount":0,"stepsCount":0,"hasContent":false,"attachmentStep":false}],"labels":[{"name":"package","value":"tests.RegressionTest"},{"name":"testClass","value":"tests.RegressionTest"},{"name":"testMethod","value":"tc02_validLogin"},{"name":"parentSuite","value":"Flipkart Regression Suite"},{"name":"suite","value":"Regression Tests"},{"name":"subSuite","value":"tests.RegressionTest"},{"name":"host","value":"runnervm6qbrg"},{"name":"thread","value":"2486@runnervm6qbrg.main(1)"},{"name":"framework","value":"testng"},{"name":"language","value":"java"},{"name":"resultFormat","value":"allure2"}],"parameters":[],"links":[],"hidden":false,"retry":false,"extra":{"severity":"normal","retries":[],"categories":[{"name":"Product defects","matchedStatuses":[],"flaky":false}],"history":{"statistic":{"failed":5,"broken":0,"skipped":0,"passed":0,"unknown":0,"total":5},"items":[{"uid":"be0105180e04d91b","reportUrl":"https://Dhiman07-create.github.io/flipkart-regression/DEV/testng/42//#testresult/be0105180e04d91b","status":"failed","statusDetails":"Invalid element state [By.xpath: //span[text()='Login']]: element click intercepted: Element <span class=\"\">...</span> is not clickable at point (1281, 33). Other element would receive the click: <div class=\"fbDBuK _3CYmv5\" tabindex=\"-1\">...</div>\nScreenshot: file:/home/runner/work/flipkart-regression/flipkart-regression/build/reports/tests/1765704074389.0.png\nPage source: file:/home/runner/work/flipkart-regression/flipkart-regression/build/reports/tests/1765704074389.0.html\nTimeout: 10 s.\nCaused by: ElementClickInterceptedException: element click intercepted: Element <span class=\"\">...</span> is not clickable at point (1281, 33). Other element would receive the click: <div class=\"fbDBuK _3CYmv5\" tabindex=\"-1\">...</div>","time":{"start":1765704061442,"stop":1765704074783,"duration":13341}},{"uid":"d441b08cabb22861","reportUrl":"https://Dhiman07-create.github.io/flipkart-regression/DEV/testng/41//#testresult/d441b08cabb22861","status":"failed","statusDetails":"Invalid element state [By.xpath: //span[text()='Login']]: element click intercepted: Element <span class=\"\">...</span> is not clickable at point (1281, 33). Other element would receive the click: <div class=\"fbDBuK _3CYmv5\" tabindex=\"-1\">...</div>\nScreenshot: file:/home/runner/work/flipkart-regression/flipkart-regression/build/reports/tests/1765702130885.0.png\nPage source: file:/home/runner/work/flipkart-regression/flipkart-regression/build/reports/tests/1765702130885.0.html\nTimeout: 8 s.\nCaused by: ElementClickInterceptedException: element click intercepted: Element <span class=\"\">...</span> is not clickable at point (1281, 33). Other element would receive the click: <div class=\"fbDBuK _3CYmv5\" tabindex=\"-1\">...</div>","time":{"start":1765702119395,"stop":1765702131297,"duration":11902}},{"uid":"179e6c9f5cb203b1","reportUrl":"https://Dhiman07-create.github.io/flipkart-regression/DEV/testng/40//#testresult/179e6c9f5cb203b1","status":"failed","statusDetails":"Invalid element state [By.xpath: //span[text()='Login']]: element click intercepted: Element <span class=\"\">...</span> is not clickable at point (1281, 33). Other element would receive the click: <div class=\"fbDBuK _3CYmv5\" tabindex=\"-1\">...</div>\nScreenshot: file:/home/runner/work/flipkart-regression/flipkart-regression/build/reports/tests/1765701323578.1.png\nPage source: file:/home/runner/work/flipkart-regression/flipkart-regression/build/reports/tests/1765701323578.1.html\nTimeout: 8 s.\nCaused by: ElementClickInterceptedException: element click intercepted: Element <span class=\"\">...</span> is not clickable at point (1281, 33). Other element would receive the click: <div class=\"fbDBuK _3CYmv5\" tabindex=\"-1\">...</div>","time":{"start":1765701312471,"stop":1765701323927,"duration":11456}},{"uid":"251c7133bd48d7e8","reportUrl":"https://Dhiman07-create.github.io/flipkart-regression/DEV/testng/39//#testresult/251c7133bd48d7e8","status":"failed","statusDetails":"Invalid element state [By.xpath: //span[text()='Login']]: element click intercepted: Element <span class=\"\">...</span> is not clickable at point (1281, 33). Other element would receive the click: <div class=\"fbDBuK _3CYmv5\" tabindex=\"-1\">...</div>\nScreenshot: file:/home/runner/work/flipkart-regression/flipkart-regression/build/reports/tests/1765701175052.1.png\nPage source: file:/home/runner/work/flipkart-regression/flipkart-regression/build/reports/tests/1765701175052.1.html\nTimeout: 8 s.\nCaused by: ElementClickInterceptedException: element click intercepted: Element <span class=\"\">...</span> is not clickable at point (1281, 33). Other element would receive the click: <div class=\"fbDBuK _3CYmv5\" tabindex=\"-1\">...</div>","time":{"start":1765701163401,"stop":1765701175394,"duration":11993}}]},"tags":[]},"source":"df17cf2f105bc7fe.json","parameterValues":[]}